{"numTotalTestSuites":85,"numPassedTestSuites":81,"numFailedTestSuites":4,"numPendingTestSuites":0,"numTotalTests":343,"numPassedTests":327,"numFailedTests":13,"numPendingTests":3,"numTodoTests":0,"snapshot":{"added":0,"failure":false,"filesAdded":0,"filesRemoved":0,"filesRemovedList":[],"filesUnmatched":0,"filesUpdated":0,"matched":0,"total":0,"unchecked":0,"uncheckedKeysByFile":[],"unmatched":0,"updated":0,"didUpdate":false},"startTime":1775014532976,"success":false,"testResults":[{"assertionResults":[{"ancestorTitles":["App"],"fullName":"App renders the dev navigation","status":"passed","title":"renders the dev navigation","duration":85.9011660000001,"failureMessages":[],"meta":{},"tags":[]}],"startTime":1775014537513,"endTime":1775014537598.9011,"status":"passed","message":"","name":"/Users/bytedance/Desktop/CodeSpace/bitsNovels/.worktrees/sprint-3/workspace/apps/web/src/App.test.tsx"},{"assertionResults":[{"ancestorTitles":["AuthContext"],"fullName":"AuthContext throws when useAuth called outside provider","status":"passed","title":"throws when useAuth called outside provider","duration":10.69941700000004,"failureMessages":[],"meta":{},"tags":[]},{"ancestorTitles":["AuthContext"],"fullName":"AuthContext initializes with token from localStorage","status":"passed","title":"initializes with token from localStorage","duration":31.16383299999984,"failureMessages":[],"meta":{},"tags":[]},{"ancestorTitles":["AuthContext"],"fullName":"AuthContext login sets token and fetches user","status":"passed","title":"login sets token and fetches user","duration":68.92666699999995,"failureMessages":[],"meta":{},"tags":[]},{"ancestorTitles":["AuthContext"],"fullName":"AuthContext logout clears token and user","status":"passed","title":"logout clears token and user","duration":2.7607920000000377,"failureMessages":[],"meta":{},"tags":[]}],"startTime":1775014536605,"endTime":1775014536718.7607,"status":"passed","message":"","name":"/Users/bytedance/Desktop/CodeSpace/bitsNovels/.worktrees/sprint-3/workspace/apps/web/src/contexts/__tests__/AuthContext.test.tsx"},{"assertionResults":[{"ancestorTitles":["useApi"],"fullName":"useApi returns data on success","status":"passed","title":"returns data on success","duration":76.7985000000001,"failureMessages":[],"meta":{},"tags":[]},{"ancestorTitles":["useApi"],"fullName":"useApi sets error on API error response","status":"passed","title":"sets error on API error response","duration":62.45741699999985,"failureMessages":[],"meta":{},"tags":[]},{"ancestorTitles":["useApi"],"fullName":"useApi sets loading during request","status":"passed","title":"sets loading during request","duration":3.2621670000000904,"failureMessages":[],"meta":{},"tags":[]},{"ancestorTitles":["useApi"],"fullName":"useApi calls onSuccess callback","status":"passed","title":"calls onSuccess callback","duration":7.083957999999939,"failureMessages":[],"meta":{},"tags":[]},{"ancestorTitles":["useApi"],"fullName":"useApi reset clears all state","status":"passed","title":"reset clears all state","duration":56.358458000000155,"failureMessages":[],"meta":{},"tags":[]}],"startTime":1775014534546,"endTime":1775014534752.3584,"status":"passed","message":"","name":"/Users/bytedance/Desktop/CodeSpace/bitsNovels/.worktrees/sprint-3/workspace/apps/web/src/hooks/__tests__/useApi.test.ts"},{"assertionResults":[{"ancestorTitles":["useFocusTrap"],"fullName":"useFocusTrap focuses first element when activated","status":"passed","title":"focuses first element when activated","duration":80.01675,"failureMessages":[],"meta":{},"tags":[]},{"ancestorTitles":["useFocusTrap"],"fullName":"useFocusTrap traps Tab key on last element","status":"passed","title":"traps Tab key on last element","duration":21.092499999999973,"failureMessages":[],"meta":{},"tags":[]},{"ancestorTitles":["useFocusTrap"],"fullName":"useFocusTrap does not trap when inactive","status":"passed","title":"does not trap when inactive","duration":11.814124999999876,"failureMessages":[],"meta":{},"tags":[]}],"startTime":1775014536836,"endTime":1775014536949.8142,"status":"passed","message":"","name":"/Users/bytedance/Desktop/CodeSpace/bitsNovels/.worktrees/sprint-3/workspace/apps/web/src/hooks/__tests__/useFocusTrap.test.tsx"},{"assertionResults":[{"ancestorTitles":["usePasswordValidation"],"fullName":"usePasswordValidation returns invalid for weak passwords","status":"passed","title":"returns invalid for weak passwords","duration":8.051124999999956,"failureMessages":[],"meta":{},"tags":[]},{"ancestorTitles":["usePasswordValidation"],"fullName":"usePasswordValidation returns valid for strong passwords","status":"passed","title":"returns valid for strong passwords","duration":1.1555000000000746,"failureMessages":[],"meta":{},"tags":[]},{"ancestorTitles":["usePasswordValidation"],"fullName":"usePasswordValidation setPassword updates password and returns validation","status":"passed","title":"setPassword updates password and returns validation","duration":1.0638329999999314,"failureMessages":[],"meta":{},"tags":[]},{"ancestorTitles":["usePasswordValidation"],"fullName":"usePasswordValidation errors is derived state, not recalculated on every render","status":"passed","title":"errors is derived state, not recalculated on every render","duration":0.8420840000001135,"failureMessages":[],"meta":{},"tags":[]}],"startTime":1775014538258,"endTime":1775014538268.842,"status":"passed","message":"","name":"/Users/bytedance/Desktop/CodeSpace/bitsNovels/.worktrees/sprint-3/workspace/apps/web/src/hooks/__tests__/usePasswordValidation.test.ts"},{"assertionResults":[{"ancestorTitles":["AuthCard"],"fullName":"AuthCard renders icon, title, description","status":"passed","title":"renders icon, title, description","duration":19.02216700000008,"failureMessages":[],"meta":{},"tags":[]},{"ancestorTitles":["AuthCard"],"fullName":"AuthCard renders footer when provided","status":"passed","title":"renders footer when provided","duration":1.4592079999999896,"failureMessages":[],"meta":{},"tags":[]},{"ancestorTitles":["AuthCard"],"fullName":"AuthCard applies className to inner card","status":"passed","title":"applies className to inner card","duration":4.305166999999983,"failureMessages":[],"meta":{},"tags":[]},{"ancestorTitles":["AuthCard"],"fullName":"AuthCard does not render footer when not provided","status":"passed","title":"does not render footer when not provided","duration":1.7068329999999605,"failureMessages":[],"meta":{},"tags":[]}],"startTime":1775014538116,"endTime":1775014538141.7068,"status":"passed","message":"","name":"/Users/bytedance/Desktop/CodeSpace/bitsNovels/.worktrees/sprint-3/workspace/apps/web/src/components/ui/__tests__/AuthCard.test.tsx"},{"assertionResults":[{"ancestorTitles":["ErrorAlert"],"fullName":"ErrorAlert renders error message with aria-live=\"polite\"","status":"passed","title":"renders error message with aria-live=\"polite\"","duration":16.690500000000156,"failureMessages":[],"meta":{},"tags":[]},{"ancestorTitles":["ErrorAlert"],"fullName":"ErrorAlert shows dismiss button when onDismiss provided","status":"passed","title":"shows dismiss button when onDismiss provided","duration":70.43054099999995,"failureMessages":[],"meta":{},"tags":[]},{"ancestorTitles":["ErrorAlert"],"fullName":"ErrorAlert does not show dismiss button when onDismiss not provided","status":"passed","title":"does not show dismiss button when onDismiss not provided","duration":1.4954999999999927,"failureMessages":[],"meta":{},"tags":[]},{"ancestorTitles":["ErrorAlert"],"fullName":"ErrorAlert applies className","status":"passed","title":"applies className","duration":1.1404999999999745,"failureMessages":[],"meta":{},"tags":[]}],"startTime":1775014538213,"endTime":1775014538302.1404,"status":"passed","message":"","name":"/Users/bytedance/Desktop/CodeSpace/bitsNovels/.worktrees/sprint-3/workspace/apps/web/src/components/ui/__tests__/ErrorAlert.test.tsx"},{"assertionResults":[{"ancestorTitles":["FormInput"],"fullName":"FormInput renders label and input","status":"passed","title":"renders label and input","duration":15.261625000000095,"failureMessages":[],"meta":{},"tags":[]},{"ancestorTitles":["FormInput"],"fullName":"FormInput shows error message with aria-live","status":"passed","title":"shows error message with aria-live","duration":3.6083750000000236,"failureMessages":[],"meta":{},"tags":[]},{"ancestorTitles":["FormInput"],"fullName":"FormInput connects aria-describedby to error","status":"passed","title":"connects aria-describedby to error","duration":1.4046670000000177,"failureMessages":[],"meta":{},"tags":[]},{"ancestorTitles":["FormInput"],"fullName":"FormInput calls onChange on each keystroke","status":"passed","title":"calls onChange on each keystroke","duration":74.9599589999998,"failureMessages":[],"meta":{},"tags":[]},{"ancestorTitles":["FormInput"],"fullName":"FormInput shows hint when provided and no error","status":"passed","title":"shows hint when provided and no error","duration":1.685083000000077,"failureMessages":[],"meta":{},"tags":[]},{"ancestorTitles":["FormInput"],"fullName":"FormInput does not show hint when error is present","status":"passed","title":"does not show hint when error is present","duration":1.2619580000000497,"failureMessages":[],"meta":{},"tags":[]}],"startTime":1775014536867,"endTime":1775014536965.262,"status":"passed","message":"","name":"/Users/bytedance/Desktop/CodeSpace/bitsNovels/.worktrees/sprint-3/workspace/apps/web/src/components/ui/__tests__/FormInput.test.tsx"},{"assertionResults":[{"ancestorTitles":["LoadingButton"],"fullName":"LoadingButton shows loading state with spinner and loadingText","status":"passed","title":"shows loading state with spinner and loadingText","duration":74.00012500000003,"failureMessages":[],"meta":{},"tags":[]},{"ancestorTitles":["LoadingButton"],"fullName":"LoadingButton shows children when not loading","status":"passed","title":"shows children when not loading","duration":4.756709000000001,"failureMessages":[],"meta":{},"tags":[]},{"ancestorTitles":["LoadingButton"],"fullName":"LoadingButton disables button when loading even if disabled prop is false","status":"passed","title":"disables button when loading even if disabled prop is false","duration":5.351083000000017,"failureMessages":[],"meta":{},"tags":[]},{"ancestorTitles":["LoadingButton"],"fullName":"LoadingButton uses variant primary by default","status":"passed","title":"uses variant primary by default","duration":2.12504100000001,"failureMessages":[],"meta":{},"tags":[]},{"ancestorTitles":["LoadingButton"],"fullName":"LoadingButton uses variant secondary when specified","status":"passed","title":"uses variant secondary when specified","duration":0.9303749999999127,"failureMessages":[],"meta":{},"tags":[]},{"ancestorTitles":["LoadingButton"],"fullName":"LoadingButton forwards className","status":"passed","title":"forwards className","duration":0.8099999999999454,"failureMessages":[],"meta":{},"tags":[]},{"ancestorTitles":["LoadingButton"],"fullName":"LoadingButton uses type=submit by default","status":"passed","title":"uses type=submit by default","duration":7.210250000000087,"failureMessages":[],"meta":{},"tags":[]},{"ancestorTitles":["LoadingButton"],"fullName":"LoadingButton uses type=button when specified","status":"passed","title":"uses type=button when specified","duration":3.0538339999998243,"failureMessages":[],"meta":{},"tags":[]}],"startTime":1775014538103,"endTime":1775014538201.054,"status":"passed","message":"","name":"/Users/bytedance/Desktop/CodeSpace/bitsNovels/.worktrees/sprint-3/workspace/apps/web/src/components/ui/__tests__/LoadingButton.test.tsx"},{"assertionResults":[{"ancestorTitles":["SkeletonLoader"],"fullName":"SkeletonLoader renders text variant with correct classes","status":"passed","title":"renders text variant with correct classes","duration":14.02108300000009,"failureMessages":[],"meta":{},"tags":[]},{"ancestorTitles":["SkeletonLoader"],"fullName":"SkeletonLoader renders card variant","status":"passed","title":"renders card variant","duration":1.0840410000000702,"failureMessages":[],"meta":{},"tags":[]},{"ancestorTitles":["SkeletonLoader"],"fullName":"SkeletonLoader renders avatar variant","status":"passed","title":"renders avatar variant","duration":0.8507079999999405,"failureMessages":[],"meta":{},"tags":[]},{"ancestorTitles":["SkeletonLoader"],"fullName":"SkeletonLoader renders button variant","status":"passed","title":"renders button variant","duration":0.6506249999999909,"failureMessages":[],"meta":{},"tags":[]},{"ancestorTitles":["SkeletonLoader"],"fullName":"SkeletonLoader renders with aria-hidden","status":"passed","title":"renders with aria-hidden","duration":0.8051660000000993,"failureMessages":[],"meta":{},"tags":[]},{"ancestorTitles":["SkeletonLoader"],"fullName":"SkeletonLoader applies custom width/height via style","status":"passed","title":"applies custom width/height via style","duration":62.537417000000005,"failureMessages":[],"meta":{},"tags":[]},{"ancestorTitles":["SkeletonLoader"],"fullName":"SkeletonLoader applies className","status":"passed","title":"applies className","duration":0.6821669999999358,"failureMessages":[],"meta":{},"tags":[]}],"startTime":1775014538073,"endTime":1775014538153.6821,"status":"passed","message":"","name":"/Users/bytedance/Desktop/CodeSpace/bitsNovels/.worktrees/sprint-3/workspace/apps/web/src/components/ui/__tests__/SkeletonLoader.test.tsx"},{"assertionResults":[{"ancestorTitles":["SuccessView"],"fullName":"SuccessView renders title and description","status":"passed","title":"renders title and description","duration":16.758542000000034,"failureMessages":[],"meta":{},"tags":[]},{"ancestorTitles":["SuccessView"],"fullName":"SuccessView renders icon","status":"passed","title":"renders icon","duration":1.6460409999999683,"failureMessages":[],"meta":{},"tags":[]},{"ancestorTitles":["SuccessView"],"fullName":"SuccessView renders primary action button as type=button","status":"passed","title":"renders primary action button as type=button","duration":74.77541600000018,"failureMessages":[],"meta":{},"tags":[]},{"ancestorTitles":["SuccessView"],"fullName":"SuccessView renders secondary action as text link","status":"passed","title":"renders secondary action as text link","duration":1.5577910000001793,"failureMessages":[],"meta":{},"tags":[]},{"ancestorTitles":["SuccessView"],"fullName":"SuccessView applies className","status":"passed","title":"applies className","duration":0.9824170000001686,"failureMessages":[],"meta":{},"tags":[]},{"ancestorTitles":["SuccessView"],"fullName":"SuccessView does not render action when not provided","status":"passed","title":"does not render action when not provided","duration":0.8405829999999241,"failureMessages":[],"meta":{},"tags":[]}],"startTime":1775014537917,"endTime":1775014538013.8406,"status":"passed","message":"","name":"/Users/bytedance/Desktop/CodeSpace/bitsNovels/.worktrees/sprint-3/workspace/apps/web/src/components/ui/__tests__/SuccessView.test.tsx"},{"assertionResults":[{"ancestorTitles":["CreateProjectModal"],"fullName":"CreateProjectModal should render step 1 with required fields","status":"passed","title":"should render step 1 with required fields","duration":28.19549999999981,"failureMessages":[],"meta":{},"tags":[]},{"ancestorTitles":["CreateProjectModal"],"fullName":"CreateProjectModal should validate name length and prevent next step if empty","status":"passed","title":"should validate name length and prevent next step if empty","duration":115.41104200000018,"failureMessages":[],"meta":{},"tags":[]},{"ancestorTitles":["CreateProjectModal"],"fullName":"CreateProjectModal should navigate through steps and submit on step 3","status":"passed","title":"should navigate through steps and submit on step 3","duration":60.08358299999986,"failureMessages":[],"meta":{},"tags":[]},{"ancestorTitles":["CreateProjectModal"],"fullName":"CreateProjectModal should show error when project name conflicts","status":"passed","title":"should show error when project name conflicts","duration":43.157916000000114,"failureMessages":[],"meta":{},"tags":[]},{"ancestorTitles":["CreateProjectModal"],"fullName":"CreateProjectModal should go back from step 2 to step 1","status":"passed","title":"should go back from step 2 to step 1","duration":27.955791999999974,"failureMessages":[],"meta":{},"tags":[]},{"ancestorTitles":["CreateProjectModal"],"fullName":"CreateProjectModal should select template structure mode","status":"passed","title":"should select template structure mode","duration":12.71208300000012,"failureMessages":[],"meta":{},"tags":[]},{"ancestorTitles":["CreateProjectModal"],"fullName":"CreateProjectModal should show error when API returns non-409 error","status":"passed","title":"should show error when API returns non-409 error","duration":33.94191599999999,"failureMessages":[],"meta":{},"tags":[]},{"ancestorTitles":["CreateProjectModal"],"fullName":"CreateProjectModal should show validation error when name is only whitespace","status":"passed","title":"should show validation error when name is only whitespace","duration":13.789082999999891,"failureMessages":[],"meta":{},"tags":[]}],"startTime":1775014534646,"endTime":1775014534981.789,"status":"passed","message":"","name":"/Users/bytedance/Desktop/CodeSpace/bitsNovels/.worktrees/sprint-3/workspace/apps/web/src/features/epic-1/__tests__/CreateProjectModal.test.tsx"},{"assertionResults":[{"ancestorTitles":["ForgotPasswordPage"],"fullName":"ForgotPasswordPage renders email input and submit button","status":"passed","title":"renders email input and submit button","duration":78.536292,"failureMessages":[],"meta":{},"tags":[]},{"ancestorTitles":["ForgotPasswordPage"],"fullName":"ForgotPasswordPage calls POST /api/auth/forgot-password and shows success message","status":"passed","title":"calls POST /api/auth/forgot-password and shows success message","duration":39.522334,"failureMessages":[],"meta":{},"tags":[]}],"startTime":1775014536679,"endTime":1775014536797.5222,"status":"passed","message":"","name":"/Users/bytedance/Desktop/CodeSpace/bitsNovels/.worktrees/sprint-3/workspace/apps/web/src/features/epic-1/__tests__/ForgotPasswordPage.test.tsx"},{"assertionResults":[{"ancestorTitles":["LoginPage"],"fullName":"LoginPage renders login form with oauth buttons","status":"passed","title":"renders login form with oauth buttons","duration":108.41945899999996,"failureMessages":[],"meta":{},"tags":[]},{"ancestorTitles":["LoginPage"],"fullName":"LoginPage calls POST /api/auth/login and redirects on success","status":"passed","title":"calls POST /api/auth/login and redirects on success","duration":59.97258300000021,"failureMessages":[],"meta":{},"tags":[]},{"ancestorTitles":["LoginPage"],"fullName":"LoginPage shows error message on login failure","status":"passed","title":"shows error message on login failure","duration":26.27737500000012,"failureMessages":[],"meta":{},"tags":[]},{"ancestorTitles":["LoginPage"],"fullName":"LoginPage navigates to register page when clicking \"去注册\"","status":"passed","title":"navigates to register page when clicking \"去注册\"","duration":14.690082999999959,"failureMessages":[],"meta":{},"tags":[]},{"ancestorTitles":["LoginPage"],"fullName":"LoginPage handles OAuth Google button click","status":"passed","title":"handles OAuth Google button click","duration":14.66841700000009,"failureMessages":[],"meta":{},"tags":[]},{"ancestorTitles":["LoginPage"],"fullName":"LoginPage shows error and stays on page when login fails with generic error","status":"passed","title":"shows error and stays on page when login fails with generic error","duration":24.621209000000135,"failureMessages":[],"meta":{},"tags":[]}],"startTime":1775014534671,"endTime":1775014534919.621,"status":"passed","message":"","name":"/Users/bytedance/Desktop/CodeSpace/bitsNovels/.worktrees/sprint-3/workspace/apps/web/src/features/epic-1/__tests__/LoginPage.test.tsx"},{"assertionResults":[{"ancestorTitles":["ProjectDashboard"],"fullName":"ProjectDashboard should display loading state initially","status":"passed","title":"should display loading state initially","duration":28.32854199999997,"failureMessages":[],"meta":{},"tags":[]},{"ancestorTitles":["ProjectDashboard"],"fullName":"ProjectDashboard should render project cards with correct info","status":"passed","title":"should render project cards with correct info","duration":38.59295799999995,"failureMessages":[],"meta":{},"tags":[]},{"ancestorTitles":["ProjectDashboard"],"fullName":"ProjectDashboard should display empty state when no projects exist","status":"passed","title":"should display empty state when no projects exist","duration":8.786707999999862,"failureMessages":[],"meta":{},"tags":[]},{"ancestorTitles":["ProjectDashboard"],"fullName":"ProjectDashboard should filter projects by search query","status":"passed","title":"should filter projects by search query","duration":17.120249999999942,"failureMessages":[],"meta":{},"tags":[]},{"ancestorTitles":["ProjectDashboard"],"fullName":"ProjectDashboard should show not found state when search yields no results","status":"passed","title":"should show not found state when search yields no results","duration":7.962625000000116,"failureMessages":[],"meta":{},"tags":[]},{"ancestorTitles":["ProjectDashboard"],"fullName":"ProjectDashboard should toggle between card and list view","status":"passed","title":"should toggle between card and list view","duration":12.335000000000036,"failureMessages":[],"meta":{},"tags":[]}],"startTime":1775014536678,"endTime":1775014536790.335,"status":"passed","message":"","name":"/Users/bytedance/Desktop/CodeSpace/bitsNovels/.worktrees/sprint-3/workspace/apps/web/src/features/epic-1/__tests__/ProjectDashboard.test.tsx"},{"assertionResults":[{"ancestorTitles":["ProjectSettingsPage"],"fullName":"ProjectSettingsPage should render loading state initially","status":"passed","title":"should render loading state initially","duration":29.186542000000145,"failureMessages":[],"meta":{},"tags":[]},{"ancestorTitles":["ProjectSettingsPage"],"fullName":"ProjectSettingsPage should render project settings with basic info tab by default","status":"passed","title":"should render project settings with basic info tab by default","duration":121.594292,"failureMessages":[],"meta":{},"tags":[]},{"ancestorTitles":["ProjectSettingsPage"],"fullName":"ProjectSettingsPage should display readonly project stats","status":"passed","title":"should display readonly project stats","duration":14.034375000000182,"failureMessages":[],"meta":{},"tags":[]},{"ancestorTitles":["ProjectSettingsPage"],"fullName":"ProjectSettingsPage should validate project name like US-1.3","status":"passed","title":"should validate project name like US-1.3","duration":63.71795800000018,"failureMessages":[],"meta":{},"tags":[]},{"ancestorTitles":["ProjectSettingsPage"],"fullName":"ProjectSettingsPage should switch tabs correctly","status":"passed","title":"should switch tabs correctly","duration":53.28808300000014,"failureMessages":[],"meta":{},"tags":[]},{"ancestorTitles":["ProjectSettingsPage"],"fullName":"ProjectSettingsPage should show success toast after saving basic info","status":"passed","title":"should show success toast after saving basic info","duration":31.672624999999925,"failureMessages":[],"meta":{},"tags":[]},{"ancestorTitles":["ProjectSettingsPage"],"fullName":"ProjectSettingsPage should show danger zone at bottom of page","status":"passed","title":"should show danger zone at bottom of page","duration":18.21787500000005,"failureMessages":[],"meta":{},"tags":[]},{"ancestorTitles":["ProjectSettingsPage"],"fullName":"ProjectSettingsPage should show archive confirmation and handle archive","status":"passed","title":"should show archive confirmation and handle archive","duration":29.95029199999999,"failureMessages":[],"meta":{},"tags":[]},{"ancestorTitles":["ProjectSettingsPage"],"fullName":"ProjectSettingsPage should show delete confirmation with name input requirement","status":"passed","title":"should show delete confirmation with name input requirement","duration":39.2690419999999,"failureMessages":[],"meta":{},"tags":[]},{"ancestorTitles":["ProjectSettingsPage"],"fullName":"ProjectSettingsPage should delete project and redirect to dashboard","status":"passed","title":"should delete project and redirect to dashboard","duration":39.450207999999975,"failureMessages":[],"meta":{},"tags":[]},{"ancestorTitles":["ProjectSettingsPage"],"fullName":"ProjectSettingsPage should handle API error when saving","status":"passed","title":"should handle API error when saving","duration":24.12045900000021,"failureMessages":[],"meta":{},"tags":[]},{"ancestorTitles":["ProjectSettingsPage"],"fullName":"ProjectSettingsPage should close modal when cancel is clicked","status":"passed","title":"should close modal when cancel is clicked","duration":32.71220900000026,"failureMessages":[],"meta":{},"tags":[]}],"startTime":1775014534616,"endTime":1775014535112.7122,"status":"passed","message":"","name":"/Users/bytedance/Desktop/CodeSpace/bitsNovels/.worktrees/sprint-3/workspace/apps/web/src/features/epic-1/__tests__/ProjectSettingsPage.test.tsx"},{"assertionResults":[{"ancestorTitles":["RegisterPage"],"fullName":"RegisterPage renders email, password, confirm password inputs and submit button","status":"passed","title":"renders email, password, confirm password inputs and submit button","duration":97.87804200000005,"failureMessages":[],"meta":{},"tags":[]},{"ancestorTitles":["RegisterPage"],"fullName":"RegisterPage validates password strength in real-time","status":"passed","title":"validates password strength in real-time","duration":28.985374999999976,"failureMessages":[],"meta":{},"tags":[]},{"ancestorTitles":["RegisterPage"],"fullName":"RegisterPage shows error when passwords do not match","status":"passed","title":"shows error when passwords do not match","duration":16.06516600000009,"failureMessages":[],"meta":{},"tags":[]},{"ancestorTitles":["RegisterPage"],"fullName":"RegisterPage navigates to login when clicking \"已有账号\"","status":"passed","title":"navigates to login when clicking \"已有账号\"","duration":10.986916000000065,"failureMessages":[],"meta":{},"tags":[]},{"ancestorTitles":["RegisterPage"],"fullName":"RegisterPage shows error when submitting with invalid password","status":"passed","title":"shows error when submitting with invalid password","duration":14.24654200000009,"failureMessages":[],"meta":{},"tags":[]},{"ancestorTitles":["RegisterPage"],"fullName":"RegisterPage clears error when password becomes valid after being invalid","status":"passed","title":"clears error when password becomes valid after being invalid","duration":8.744707999999946,"failureMessages":[],"meta":{},"tags":[]},{"ancestorTitles":["RegisterPage"],"fullName":"RegisterPage shows error when API returns generic error","status":"passed","title":"shows error when API returns generic error","duration":32.11758399999985,"failureMessages":[],"meta":{},"tags":[]},{"ancestorTitles":["RegisterPage"],"fullName":"RegisterPage calls POST /api/auth/register on valid submit and shows success message","status":"passed","title":"calls POST /api/auth/register on valid submit and shows success message","duration":19.00779200000011,"failureMessages":[],"meta":{},"tags":[]}],"startTime":1775014534663,"endTime":1775014534891.0078,"status":"passed","message":"","name":"/Users/bytedance/Desktop/CodeSpace/bitsNovels/.worktrees/sprint-3/workspace/apps/web/src/features/epic-1/__tests__/RegisterPage.test.tsx"},{"assertionResults":[{"ancestorTitles":["ResetPasswordPage"],"fullName":"ResetPasswordPage renders new password, confirm password inputs","status":"passed","title":"renders new password, confirm password inputs","duration":78.5202499999998,"failureMessages":[],"meta":{},"tags":[]},{"ancestorTitles":["ResetPasswordPage"],"fullName":"ResetPasswordPage validates new password strength","status":"passed","title":"validates new password strength","duration":13.874667000000045,"failureMessages":[],"meta":{},"tags":[]},{"ancestorTitles":["ResetPasswordPage"],"fullName":"ResetPasswordPage calls POST /api/auth/reset-password and shows success message","status":"passed","title":"calls POST /api/auth/reset-password and shows success message","duration":45.512624999999844,"failureMessages":[],"meta":{},"tags":[]}],"startTime":1775014536704,"endTime":1775014536842.5127,"status":"passed","message":"","name":"/Users/bytedance/Desktop/CodeSpace/bitsNovels/.worktrees/sprint-3/workspace/apps/web/src/features/epic-1/__tests__/ResetPasswordPage.test.tsx"},{"assertionResults":[{"ancestorTitles":["UnverifiedPrompt"],"fullName":"UnverifiedPrompt renders prompt with resend button","status":"passed","title":"renders prompt with resend button","duration":80.41804200000001,"failureMessages":[],"meta":{},"tags":[]},{"ancestorTitles":["UnverifiedPrompt"],"fullName":"UnverifiedPrompt calls POST /api/auth/resend-verification on click","status":"passed","title":"calls POST /api/auth/resend-verification on click","duration":25.521375000000035,"failureMessages":[],"meta":{},"tags":[]}],"startTime":1775014536609,"endTime":1775014536715.5215,"status":"passed","message":"","name":"/Users/bytedance/Desktop/CodeSpace/bitsNovels/.worktrees/sprint-3/workspace/apps/web/src/features/epic-1/__tests__/UnverifiedPrompt.test.tsx"},{"assertionResults":[{"ancestorTitles":["VerificationResultPage"],"fullName":"VerificationResultPage shows success message on successful verification","status":"passed","title":"shows success message on successful verification","duration":43.22283299999981,"failureMessages":[],"meta":{},"tags":[]},{"ancestorTitles":["VerificationResultPage"],"fullName":"VerificationResultPage shows expired message and resend button on failure","status":"passed","title":"shows expired message and resend button on failure","duration":60.096000000000004,"failureMessages":[],"meta":{},"tags":[]},{"ancestorTitles":["VerificationResultPage"],"fullName":"VerificationResultPage calls POST /api/auth/resend-verification when clicking resend","status":"passed","title":"calls POST /api/auth/resend-verification when clicking resend","duration":21.492917000000034,"failureMessages":[],"meta":{},"tags":[]}],"startTime":1775014536682,"endTime":1775014536806.493,"status":"passed","message":"","name":"/Users/bytedance/Desktop/CodeSpace/bitsNovels/.worktrees/sprint-3/workspace/apps/web/src/features/epic-1/__tests__/VerificationResultPage.test.tsx"},{"assertionResults":[{"ancestorTitles":["VolumeOutline"],"fullName":"VolumeOutline should render loading skeleton while fetching data","status":"passed","title":"should render loading skeleton while fetching data","duration":29.708458000000064,"failureMessages":[],"meta":{},"tags":[]},{"ancestorTitles":["VolumeOutline"],"fullName":"VolumeOutline should render volumes and chapters after loading","status":"passed","title":"should render volumes and chapters after loading","duration":41.050707999999986,"failureMessages":[],"meta":{},"tags":[]},{"ancestorTitles":["VolumeOutline"],"fullName":"VolumeOutline should expand/collapse volume when clicking toggle","status":"passed","title":"should expand/collapse volume when clicking toggle","duration":148.97620899999993,"failureMessages":[],"meta":{},"tags":[]},{"ancestorTitles":["VolumeOutline"],"fullName":"VolumeOutline should display volume statistics correctly","status":"passed","title":"should display volume statistics correctly","duration":14.495499999999993,"failureMessages":[],"meta":{},"tags":[]},{"ancestorTitles":["VolumeOutline"],"fullName":"VolumeOutline should display chapter statistics correctly","status":"passed","title":"should display chapter statistics correctly","duration":16.643374999999878,"failureMessages":[],"meta":{},"tags":[]},{"ancestorTitles":["VolumeOutline"],"fullName":"VolumeOutline should display total statistics at the bottom","status":"passed","title":"should display total statistics at the bottom","duration":11.997332999999799,"failureMessages":[],"meta":{},"tags":[]},{"ancestorTitles":["VolumeOutline"],"fullName":"VolumeOutline should show create volume button","status":"passed","title":"should show create volume button","duration":30.28687500000001,"failureMessages":[],"meta":{},"tags":[]},{"ancestorTitles":["VolumeOutline"],"fullName":"VolumeOutline should open create volume dialog when clicking create volume button","status":"passed","title":"should open create volume dialog when clicking create volume button","duration":53.714084000000184,"failureMessages":[],"meta":{},"tags":[]},{"ancestorTitles":["VolumeOutline"],"fullName":"VolumeOutline should validate volume name is required","status":"passed","title":"should validate volume name is required","duration":58.53570800000011,"failureMessages":[],"meta":{},"tags":[]},{"ancestorTitles":["VolumeOutline"],"fullName":"VolumeOutline should validate volume name max length (30 chars)","status":"passed","title":"should validate volume name max length (30 chars)","duration":62.15695800000003,"failureMessages":[],"meta":{},"tags":[]},{"ancestorTitles":["VolumeOutline"],"fullName":"VolumeOutline should create volume successfully","status":"passed","title":"should create volume successfully","duration":60.775750000000244,"failureMessages":[],"meta":{},"tags":[]},{"ancestorTitles":["VolumeOutline"],"fullName":"VolumeOutline should show batch actions bar when chapters are selected","status":"passed","title":"should show batch actions bar when chapters are selected","duration":18.30458299999964,"failureMessages":[],"meta":{},"tags":[]},{"ancestorTitles":["VolumeOutline"],"fullName":"VolumeOutline should select multiple chapters with Ctrl+Click","status":"passed","title":"should select multiple chapters with Ctrl+Click","duration":23.939957999999933,"failureMessages":[],"meta":{},"tags":[]},{"ancestorTitles":["VolumeOutline"],"fullName":"VolumeOutline should batch delete selected chapters","status":"passed","title":"should batch delete selected chapters","duration":45.325417000000016,"failureMessages":[],"meta":{},"tags":[]},{"ancestorTitles":["VolumeOutline"],"fullName":"VolumeOutline should handle API error gracefully","status":"skipped","title":"should handle API error gracefully","failureMessages":[],"meta":{},"tags":[]},{"ancestorTitles":["VolumeOutline"],"fullName":"VolumeOutline should show error state and retry button when API fails","status":"skipped","title":"should show error state and retry button when API fails","failureMessages":[],"meta":{},"tags":[]},{"ancestorTitles":["VolumeOutline"],"fullName":"VolumeOutline should show error alert when fetch throws","status":"skipped","title":"should show error alert when fetch throws","failureMessages":[],"meta":{},"tags":[]},{"ancestorTitles":["VolumeOutline"],"fullName":"VolumeOutline should show empty state when no volumes exist","status":"passed","title":"should show empty state when no volumes exist","duration":9.72787500000004,"failureMessages":[],"meta":{},"tags":[]},{"ancestorTitles":["VolumeOutline"],"fullName":"VolumeOutline should open create volume modal from empty state","status":"passed","title":"should open create volume modal from empty state","duration":11.301500000000033,"failureMessages":[],"meta":{},"tags":[]},{"ancestorTitles":["VolumeOutline"],"fullName":"VolumeOutline should render volume in collapsed state with correct aria-expanded","status":"passed","title":"should render volume in collapsed state with correct aria-expanded","duration":45.36708300000009,"failureMessages":[],"meta":{},"tags":[]},{"ancestorTitles":["VolumeOutline"],"fullName":"VolumeOutline should call reorder-volumes API when volume drag ends","status":"passed","title":"should call reorder-volumes API when volume drag ends","duration":10.490542000000005,"failureMessages":[],"meta":{},"tags":[]},{"ancestorTitles":["VolumeOutline"],"fullName":"VolumeOutline should deselect all chapters when clicking selected chapter","status":"passed","title":"should deselect all chapters when clicking selected chapter","duration":30.04533399999991,"failureMessages":[],"meta":{},"tags":[]},{"ancestorTitles":["VolumeOutline"],"fullName":"VolumeOutline should show confirm dialog when deleting volume with chapters","status":"passed","title":"should show confirm dialog when deleting volume with chapters","duration":44.28945900000008,"failureMessages":[],"meta":{},"tags":[]},{"ancestorTitles":["VolumeOutline"],"fullName":"VolumeOutline should cancel delete volume dialog","status":"passed","title":"should cancel delete volume dialog","duration":97.0923329999996,"failureMessages":[],"meta":{},"tags":[]},{"ancestorTitles":["VolumeOutline"],"fullName":"VolumeOutline should deselect all when clicking selected chapter without modifier","status":"passed","title":"should deselect all when clicking selected chapter without modifier","duration":24.83849999999984,"failureMessages":[],"meta":{},"tags":[]},{"ancestorTitles":["VolumeOutline"],"fullName":"VolumeOutline should replace selection when clicking chapter without modifier","status":"passed","title":"should replace selection when clicking chapter without modifier","duration":19.901625000000422,"failureMessages":[],"meta":{},"tags":[]},{"ancestorTitles":["VolumeOutline"],"fullName":"VolumeOutline should open rename input when double clicking volume","status":"passed","title":"should open rename input when double clicking volume","duration":14.102292000000034,"failureMessages":[],"meta":{},"tags":[]},{"ancestorTitles":["VolumeOutline"],"fullName":"VolumeOutline should close create volume modal when clicking backdrop","status":"passed","title":"should close create volume modal when clicking backdrop","duration":37.966707999999926,"failureMessages":[],"meta":{},"tags":[]},{"ancestorTitles":["VolumeOutline"],"fullName":"VolumeOutline should submit volume with Enter key","status":"passed","title":"should submit volume with Enter key","duration":37.280249999999796,"failureMessages":[],"meta":{},"tags":[]},{"ancestorTitles":["VolumeOutline"],"fullName":"VolumeOutline should show validation error when volume name is empty on submit","status":"passed","title":"should show validation error when volume name is empty on submit","duration":63.95524999999998,"failureMessages":[],"meta":{},"tags":[]},{"ancestorTitles":["VolumeOutline"],"fullName":"VolumeOutline should confirm and delete volume with chapters via dialog","status":"passed","title":"should confirm and delete volume with chapters via dialog","duration":70.74674999999979,"failureMessages":[],"meta":{},"tags":[]},{"ancestorTitles":["VolumeOutline"],"fullName":"VolumeOutline should cancel batch delete","status":"passed","title":"should cancel batch delete","duration":67.03912499999979,"failureMessages":[],"meta":{},"tags":[]},{"ancestorTitles":["VolumeOutline"],"fullName":"VolumeOutline should call handleChapterDoubleClick when chapter is double clicked","status":"passed","title":"should call handleChapterDoubleClick when chapter is double clicked","duration":10.224999999999909,"failureMessages":[],"meta":{},"tags":[]},{"ancestorTitles":["VolumeOutline"],"fullName":"VolumeOutline should call handleAddChapter when add chapter button is clicked","status":"passed","title":"should call handleAddChapter when add chapter button is clicked","duration":29.616250000000036,"failureMessages":[],"meta":{},"tags":[]},{"ancestorTitles":["VolumeOutline"],"fullName":"VolumeOutline should handle create volume API network error gracefully","status":"passed","title":"should handle create volume API network error gracefully","duration":52.164708000000246,"failureMessages":[],"meta":{},"tags":[]},{"ancestorTitles":["VolumeOutline"],"fullName":"VolumeOutline should handle bulk delete API error","status":"passed","title":"should handle bulk delete API error","duration":112.54237499999999,"failureMessages":[],"meta":{},"tags":[]}],"startTime":1775014534641,"endTime":1775014536047.5425,"status":"passed","message":"","name":"/Users/bytedance/Desktop/CodeSpace/bitsNovels/.worktrees/sprint-3/workspace/apps/web/src/features/epic-1/__tests__/VolumeOutline.test.tsx"},{"assertionResults":[{"ancestorTitles":["WritingGoalPanel"],"fullName":"WritingGoalPanel should render loading state initially","status":"passed","title":"should render loading state initially","duration":34.160207999999784,"failureMessages":[],"meta":{},"tags":[]},{"ancestorTitles":["WritingGoalPanel"],"fullName":"WritingGoalPanel should render input fields after loading","status":"passed","title":"should render input fields after loading","duration":43.36774999999989,"failureMessages":[],"meta":{},"tags":[]},{"ancestorTitles":["WritingGoalPanel"],"fullName":"WritingGoalPanel should validate daily target range","status":"passed","title":"should validate daily target range","duration":72.94154200000003,"failureMessages":[],"meta":{},"tags":[]},{"ancestorTitles":["WritingGoalPanel"],"fullName":"WritingGoalPanel should validate daily target max","status":"passed","title":"should validate daily target max","duration":34.991875000000164,"failureMessages":[],"meta":{},"tags":[]},{"ancestorTitles":["WritingGoalPanel"],"fullName":"WritingGoalPanel should validate total target range","status":"passed","title":"should validate total target range","duration":33.22241699999995,"failureMessages":[],"meta":{},"tags":[]},{"ancestorTitles":["WritingGoalPanel"],"fullName":"WritingGoalPanel should validate total target max","status":"passed","title":"should validate total target max","duration":25.33879100000013,"failureMessages":[],"meta":{},"tags":[]},{"ancestorTitles":["WritingGoalPanel"],"fullName":"WritingGoalPanel should validate deadline must be in future","status":"passed","title":"should validate deadline must be in future","duration":24.38004200000023,"failureMessages":[],"meta":{},"tags":[]},{"ancestorTitles":["WritingGoalPanel"],"fullName":"WritingGoalPanel should save goals with valid data","status":"passed","title":"should save goals with valid data","duration":26.83266700000013,"failureMessages":[],"meta":{},"tags":[]},{"ancestorTitles":["WritingGoalPanel"],"fullName":"WritingGoalPanel should show error when save fails","status":"passed","title":"should show error when save fails","duration":23.301458000000366,"failureMessages":[],"meta":{},"tags":[]},{"ancestorTitles":["WritingGoalPanel"],"fullName":"WritingGoalPanel should display writing stats after loading","status":"passed","title":"should display writing stats after loading","duration":8.776707999999871,"failureMessages":[],"meta":{},"tags":[]},{"ancestorTitles":["WritingGoalPanel"],"fullName":"WritingGoalPanel should show clear button when goals exist","status":"passed","title":"should show clear button when goals exist","duration":39.91329199999973,"failureMessages":[],"meta":{},"tags":[]},{"ancestorTitles":["WritingGoalPanel"],"fullName":"WritingGoalPanel should clear goals and reset fields","status":"passed","title":"should clear goals and reset fields","duration":42.61737499999981,"failureMessages":[],"meta":{},"tags":[]}],"startTime":1775014535291,"endTime":1775014535701.6174,"status":"passed","message":"","name":"/Users/bytedance/Desktop/CodeSpace/bitsNovels/.worktrees/sprint-3/workspace/apps/web/src/features/epic-1/__tests__/WritingGoalPanel.test.tsx"},{"assertionResults":[{"ancestorTitles":["ChapterItem"],"fullName":"ChapterItem should render chapter title correctly","status":"passed","title":"should render chapter title correctly","duration":34.84191699999997,"failureMessages":[],"meta":{},"tags":[]},{"ancestorTitles":["ChapterItem"],"fullName":"ChapterItem should render chapter character count","status":"passed","title":"should render chapter character count","duration":2.6775829999999132,"failureMessages":[],"meta":{},"tags":[]},{"ancestorTitles":["ChapterItem"],"fullName":"ChapterItem should render last edited date","status":"passed","title":"should render last edited date","duration":3.2159999999998945,"failureMessages":[],"meta":{},"tags":[]},{"ancestorTitles":["ChapterItem"],"fullName":"ChapterItem should call onSelect when clicked","status":"passed","title":"should call onSelect when clicked","duration":4.786707999999862,"failureMessages":[],"meta":{},"tags":[]},{"ancestorTitles":["ChapterItem"],"fullName":"ChapterItem should call onSelect with ctrlKey when Ctrl+clicked","status":"passed","title":"should call onSelect with ctrlKey when Ctrl+clicked","duration":2.345209000000068,"failureMessages":[],"meta":{},"tags":[]},{"ancestorTitles":["ChapterItem"],"fullName":"ChapterItem should call onSelect with shiftKey when Shift+clicked","status":"passed","title":"should call onSelect with shiftKey when Shift+clicked","duration":2.6462079999998878,"failureMessages":[],"meta":{},"tags":[]},{"ancestorTitles":["ChapterItem"],"fullName":"ChapterItem should call onDoubleClick when double clicked","status":"passed","title":"should call onDoubleClick when double clicked","duration":2.734625000000051,"failureMessages":[],"meta":{},"tags":[]},{"ancestorTitles":["ChapterItem"],"fullName":"ChapterItem should render selected state correctly","status":"passed","title":"should render selected state correctly","duration":2.141458000000057,"failureMessages":[],"meta":{},"tags":[]},{"ancestorTitles":["ChapterItem"],"fullName":"ChapterItem should render unselected state correctly","status":"passed","title":"should render unselected state correctly","duration":1.8359159999999974,"failureMessages":[],"meta":{},"tags":[]},{"ancestorTitles":["ChapterItem"],"fullName":"ChapterItem should render drag handle","status":"passed","title":"should render drag handle","duration":1.624749999999949,"failureMessages":[],"meta":{},"tags":[]},{"ancestorTitles":["ChapterItem"],"fullName":"ChapterItem should not render character count when chars is 0","status":"passed","title":"should not render character count when chars is 0","duration":1.8129999999998745,"failureMessages":[],"meta":{},"tags":[]},{"ancestorTitles":["ChapterItem"],"fullName":"ChapterItem should not render last edited date when not provided","status":"passed","title":"should not render last edited date when not provided","duration":2.5930000000000746,"failureMessages":[],"meta":{},"tags":[]},{"ancestorTitles":["ChapterItem"],"fullName":"ChapterItem should render chapter stats with data-testid","status":"passed","title":"should render chapter stats with data-testid","duration":2.0134590000000117,"failureMessages":[],"meta":{},"tags":[]},{"ancestorTitles":["ChapterItem"],"fullName":"ChapterItem should render chapter content","status":"passed","title":"should render chapter content","duration":2.2563749999999345,"failureMessages":[],"meta":{},"tags":[]}],"startTime":1775014538122,"endTime":1775014538190.2563,"status":"passed","message":"","name":"/Users/bytedance/Desktop/CodeSpace/bitsNovels/.worktrees/sprint-3/workspace/apps/web/src/features/epic-1/components/ChapterItem.test.tsx"},{"assertionResults":[{"ancestorTitles":["GoalProgressRing"],"fullName":"GoalProgressRing should render with 50% progress","status":"passed","title":"should render with 50% progress","duration":28.186333000000104,"failureMessages":[],"meta":{},"tags":[]},{"ancestorTitles":["GoalProgressRing"],"fullName":"GoalProgressRing should render with 0% progress","status":"passed","title":"should render with 0% progress","duration":1.8474590000000717,"failureMessages":[],"meta":{},"tags":[]},{"ancestorTitles":["GoalProgressRing"],"fullName":"GoalProgressRing should render with 100% progress","status":"passed","title":"should render with 100% progress","duration":1.8777079999999842,"failureMessages":[],"meta":{},"tags":[]},{"ancestorTitles":["GoalProgressRing"],"fullName":"GoalProgressRing should cap progress at 100% when exceeding target","status":"passed","title":"should cap progress at 100% when exceeding target","duration":7.585708000000068,"failureMessages":[],"meta":{},"tags":[]},{"ancestorTitles":["GoalProgressRing"],"fullName":"GoalProgressRing should display current and target values","status":"passed","title":"should display current and target values","duration":2.9415420000000267,"failureMessages":[],"meta":{},"tags":[]},{"ancestorTitles":["GoalProgressRing"],"fullName":"GoalProgressRing should display correct characters unit","status":"passed","title":"should display correct characters unit","duration":1.9885830000000624,"failureMessages":[],"meta":{},"tags":[]},{"ancestorTitles":["GoalProgressRing"],"fullName":"GoalProgressRing should render with default size","status":"passed","title":"should render with default size","duration":3.0114589999998316,"failureMessages":[],"meta":{},"tags":[]},{"ancestorTitles":["GoalProgressRing"],"fullName":"GoalProgressRing should render with custom size","status":"passed","title":"should render with custom size","duration":1.3319169999999758,"failureMessages":[],"meta":{},"tags":[]},{"ancestorTitles":["GoalProgressRing"],"fullName":"GoalProgressRing should handle zero target gracefully","status":"passed","title":"should handle zero target gracefully","duration":1.1842079999998987,"failureMessages":[],"meta":{},"tags":[]},{"ancestorTitles":["GoalProgressRing"],"fullName":"GoalProgressRing should display completion label","status":"passed","title":"should display completion label","duration":2.224665999999843,"failureMessages":[],"meta":{},"tags":[]},{"ancestorTitles":["GoalProgressRing"],"fullName":"GoalProgressRing should render pie chart component","status":"passed","title":"should render pie chart component","duration":3.7247500000000855,"failureMessages":[],"meta":{},"tags":[]},{"ancestorTitles":["GoalProgressRing"],"fullName":"GoalProgressRing should format large numbers with locale string","status":"passed","title":"should format large numbers with locale string","duration":1.61912499999994,"failureMessages":[],"meta":{},"tags":[]},{"ancestorTitles":["GoalProgressRing"],"fullName":"GoalProgressRing should show progress slightly above 0% when very small progress","status":"passed","title":"should show progress slightly above 0% when very small progress","duration":1.020667000000003,"failureMessages":[],"meta":{},"tags":[]},{"ancestorTitles":["GoalProgressRing"],"fullName":"GoalProgressRing should round to nearest integer percentage","status":"passed","title":"should round to nearest integer percentage","duration":0.9658329999999751,"failureMessages":[],"meta":{},"tags":[]}],"startTime":1775014538074,"endTime":1775014538133.9658,"status":"passed","message":"","name":"/Users/bytedance/Desktop/CodeSpace/bitsNovels/.worktrees/sprint-3/workspace/apps/web/src/features/epic-1/components/GoalProgressRing.test.tsx"},{"assertionResults":[{"ancestorTitles":["VolumeItem"],"fullName":"VolumeItem should render volume name correctly","status":"passed","title":"should render volume name correctly","duration":30.709375000000136,"failureMessages":[],"meta":{},"tags":[]},{"ancestorTitles":["VolumeItem"],"fullName":"VolumeItem should render volume statistics correctly","status":"passed","title":"should render volume statistics correctly","duration":6.9892090000000735,"failureMessages":[],"meta":{},"tags":[]},{"ancestorTitles":["VolumeItem"],"fullName":"VolumeItem should call onToggle when expand/collapse button is clicked","status":"passed","title":"should call onToggle when expand/collapse button is clicked","duration":76.10591599999998,"failureMessages":[],"meta":{},"tags":[]},{"ancestorTitles":["VolumeItem"],"fullName":"VolumeItem should show edit input when double clicking volume row","status":"passed","title":"should show edit input when double clicking volume row","duration":6.597375000000056,"failureMessages":[],"meta":{},"tags":[]},{"ancestorTitles":["VolumeItem"],"fullName":"VolumeItem should call onRenameVolume when rename is submitted","status":"passed","title":"should call onRenameVolume when rename is submitted","duration":18.69354199999998,"failureMessages":[],"meta":{},"tags":[]},{"ancestorTitles":["VolumeItem"],"fullName":"VolumeItem should call onDeleteVolume when delete button is clicked","status":"passed","title":"should call onDeleteVolume when delete button is clicked","duration":11.823874999999816,"failureMessages":[],"meta":{},"tags":[]},{"ancestorTitles":["VolumeItem"],"fullName":"VolumeItem should call onAddChapter when add chapter button is clicked","status":"passed","title":"should call onAddChapter when add chapter button is clicked","duration":14.542457999999897,"failureMessages":[],"meta":{},"tags":[]},{"ancestorTitles":["VolumeItem"],"fullName":"VolumeItem should show action buttons on hover","status":"passed","title":"should show action buttons on hover","duration":13.360458000000108,"failureMessages":[],"meta":{},"tags":[]},{"ancestorTitles":["VolumeItem"],"fullName":"VolumeItem should render chapters when expanded","status":"passed","title":"should render chapters when expanded","duration":6.880957999999964,"failureMessages":[],"meta":{},"tags":[]},{"ancestorTitles":["VolumeItem"],"fullName":"VolumeItem should not render chapters when collapsed","status":"passed","title":"should not render chapters when collapsed","duration":2.3422089999999116,"failureMessages":[],"meta":{},"tags":[]},{"ancestorTitles":["VolumeItem"],"fullName":"VolumeItem should show drag handle with correct data-testid","status":"passed","title":"should show drag handle with correct data-testid","duration":1.602583999999979,"failureMessages":[],"meta":{},"tags":[]},{"ancestorTitles":["VolumeItem"],"fullName":"VolumeItem should handle escape key to cancel editing","status":"passed","title":"should handle escape key to cancel editing","duration":6.587291999999934,"failureMessages":[],"meta":{},"tags":[]}],"startTime":1775014534609,"endTime":1775014534804.5874,"status":"passed","message":"","name":"/Users/bytedance/Desktop/CodeSpace/bitsNovels/.worktrees/sprint-3/workspace/apps/web/src/features/epic-1/components/VolumeItem.test.tsx"},{"assertionResults":[{"ancestorTitles":["WritingTrendChart"],"fullName":"WritingTrendChart should render chart container with ResponsiveContainer","status":"passed","title":"should render chart container with ResponsiveContainer","duration":30.742209000000003,"failureMessages":[],"meta":{},"tags":[]},{"ancestorTitles":["WritingTrendChart"],"fullName":"WritingTrendChart should render LineChart with correct data prop","status":"passed","title":"should render LineChart with correct data prop","duration":1.2577499999999873,"failureMessages":[],"meta":{},"tags":[]},{"ancestorTitles":["WritingTrendChart"],"fullName":"WritingTrendChart should render empty state when no data provided","status":"passed","title":"should render empty state when no data provided","duration":0.8073329999999714,"failureMessages":[],"meta":{},"tags":[]},{"ancestorTitles":["WritingTrendChart"],"fullName":"WritingTrendChart should render empty state when data is undefined","status":"passed","title":"should render empty state when data is undefined","duration":0.7609580000000733,"failureMessages":[],"meta":{},"tags":[]},{"ancestorTitles":["WritingTrendChart"],"fullName":"WritingTrendChart should pass data to LineChart","status":"passed","title":"should pass data to LineChart","duration":0.7982079999999314,"failureMessages":[],"meta":{},"tags":[]},{"ancestorTitles":["WritingTrendChart"],"fullName":"WritingTrendChart should handle single data point","status":"passed","title":"should handle single data point","duration":0.6696249999999964,"failureMessages":[],"meta":{},"tags":[]},{"ancestorTitles":["WritingTrendChart"],"fullName":"WritingTrendChart should handle zero values in data","status":"passed","title":"should handle zero values in data","duration":0.6214999999999691,"failureMessages":[],"meta":{},"tags":[]},{"ancestorTitles":["WritingTrendChart"],"fullName":"WritingTrendChart should handle large values in data","status":"passed","title":"should handle large values in data","duration":0.619707999999946,"failureMessages":[],"meta":{},"tags":[]},{"ancestorTitles":["WritingTrendChart","XAxis tickFormatter"],"fullName":"WritingTrendChart XAxis tickFormatter should format date correctly","status":"passed","title":"should format date correctly","duration":0.7682920000002014,"failureMessages":[],"meta":{},"tags":[]},{"ancestorTitles":["WritingTrendChart","XAxis tickFormatter"],"fullName":"WritingTrendChart XAxis tickFormatter should have correct stroke and fontSize props","status":"passed","title":"should have correct stroke and fontSize props","duration":1.0481250000000273,"failureMessages":[],"meta":{},"tags":[]},{"ancestorTitles":["WritingTrendChart","YAxis tickFormatter"],"fullName":"WritingTrendChart YAxis tickFormatter should format value in thousands (k)","status":"passed","title":"should format value in thousands (k)","duration":1.9467919999999594,"failureMessages":[],"meta":{},"tags":[]},{"ancestorTitles":["WritingTrendChart","YAxis tickFormatter"],"fullName":"WritingTrendChart YAxis tickFormatter should have correct styling props","status":"passed","title":"should have correct styling props","duration":0.8434999999999491,"failureMessages":[],"meta":{},"tags":[]},{"ancestorTitles":["WritingTrendChart","Tooltip formatter"],"fullName":"WritingTrendChart Tooltip formatter should have correct labelFormatter","status":"passed","title":"should have correct labelFormatter","duration":0.6508750000000418,"failureMessages":[],"meta":{},"tags":[]},{"ancestorTitles":["WritingTrendChart","Tooltip formatter"],"fullName":"WritingTrendChart Tooltip formatter should have correct formatter for writing characters","status":"passed","title":"should have correct formatter for writing characters","duration":0.5857919999998558,"failureMessages":[],"meta":{},"tags":[]},{"ancestorTitles":["WritingTrendChart","Tooltip formatter"],"fullName":"WritingTrendChart Tooltip formatter should have correct contentStyle","status":"passed","title":"should have correct contentStyle","duration":0.5617910000000848,"failureMessages":[],"meta":{},"tags":[]},{"ancestorTitles":["WritingTrendChart","Line configuration"],"fullName":"WritingTrendChart Line configuration should have correct line props","status":"passed","title":"should have correct line props","duration":0.6004170000001068,"failureMessages":[],"meta":{},"tags":[]},{"ancestorTitles":["WritingTrendChart","CartesianGrid"],"fullName":"WritingTrendChart CartesianGrid should have correct grid styling","status":"passed","title":"should have correct grid styling","duration":0.6059589999999844,"failureMessages":[],"meta":{},"tags":[]},{"ancestorTitles":["WritingTrendChart","Edge cases"],"fullName":"WritingTrendChart Edge cases should handle very small values (less than 1000)","status":"passed","title":"should handle very small values (less than 1000)","duration":0.5344170000000759,"failureMessages":[],"meta":{},"tags":[]},{"ancestorTitles":["WritingTrendChart","Edge cases"],"fullName":"WritingTrendChart Edge cases should handle values exactly at thousand boundaries","status":"passed","title":"should handle values exactly at thousand boundaries","duration":0.5114580000001752,"failureMessages":[],"meta":{},"tags":[]},{"ancestorTitles":["WritingTrendChart","Edge cases"],"fullName":"WritingTrendChart Edge cases should handle month boundary in XAxis tickFormatter","status":"passed","title":"should handle month boundary in XAxis tickFormatter","duration":0.4958750000000691,"failureMessages":[],"meta":{},"tags":[]}],"startTime":1775014538074,"endTime":1775014538120.4958,"status":"passed","message":"","name":"/Users/bytedance/Desktop/CodeSpace/bitsNovels/.worktrees/sprint-3/workspace/apps/web/src/features/epic-1/components/WritingTrendChart.test.tsx"},{"assertionResults":[{"ancestorTitles":["Editor"],"fullName":"Editor should render loading skeleton when editor is not initialized","status":"failed","title":"should render loading skeleton when editor is not initialized","duration":19.998166000000083,"failureMessages":["TestingLibraryElementError: Unable to find an element with the role \"status\"\n\nThere are no available roles.\n\nIgnored nodes: comments, script, style\n\u001b[36m<body>\u001b[39m\n  \u001b[36m<div>\u001b[39m\n    \u001b[36m<div\u001b[39m\n      \u001b[33mclass\u001b[39m=\u001b[32m\"min-h-[300px] bg-white dark:bg-gray-900 rounded-lg border border-gray-200 dark:border-gray-700 animate-pulse\"\u001b[39m\n    \u001b[36m>\u001b[39m\n      \u001b[36m<div\u001b[39m\n        \u001b[33mclass\u001b[39m=\u001b[32m\"h-4 bg-gray-200 dark:bg-gray-700 rounded w-3/4 m-4\"\u001b[39m\n      \u001b[36m/>\u001b[39m\n      \u001b[36m<div\u001b[39m\n        \u001b[33mclass\u001b[39m=\u001b[32m\"h-4 bg-gray-200 dark:bg-gray-700 rounded w-1/2 m-4\"\u001b[39m\n      \u001b[36m/>\u001b[39m\n      \u001b[36m<div\u001b[39m\n        \u001b[33mclass\u001b[39m=\u001b[32m\"h-4 bg-gray-200 dark:bg-gray-700 rounded w-5/6 m-4\"\u001b[39m\n      \u001b[36m/>\u001b[39m\n    \u001b[36m</div>\u001b[39m\n  \u001b[36m</div>\u001b[39m\n\u001b[36m</body>\u001b[39m\n    at Object.getElementError (/Users/bytedance/Desktop/CodeSpace/bitsNovels/.worktrees/sprint-3/workspace/node_modules/@testing-library/dom/dist/config.js:37:19)\n    at /Users/bytedance/Desktop/CodeSpace/bitsNovels/.worktrees/sprint-3/workspace/node_modules/@testing-library/dom/dist/query-helpers.js:76:38\n    at /Users/bytedance/Desktop/CodeSpace/bitsNovels/.worktrees/sprint-3/workspace/node_modules/@testing-library/dom/dist/query-helpers.js:52:17\n    at /Users/bytedance/Desktop/CodeSpace/bitsNovels/.worktrees/sprint-3/workspace/node_modules/@testing-library/dom/dist/query-helpers.js:95:19\n    at /Users/bytedance/Desktop/CodeSpace/bitsNovels/.worktrees/sprint-3/workspace/apps/web/src/features/epic-3/__tests__/Editor.test.tsx:28:29\n    at file:///Users/bytedance/Desktop/CodeSpace/bitsNovels/.worktrees/sprint-3/workspace/node_modules/@vitest/runner/dist/chunk-artifact.js:302:11\n    at file:///Users/bytedance/Desktop/CodeSpace/bitsNovels/.worktrees/sprint-3/workspace/node_modules/@vitest/runner/dist/chunk-artifact.js:1893:26\n    at file:///Users/bytedance/Desktop/CodeSpace/bitsNovels/.worktrees/sprint-3/workspace/node_modules/@vitest/runner/dist/chunk-artifact.js:2316:20\n    at new Promise (<anonymous>)\n    at runWithCancel (file:///Users/bytedance/Desktop/CodeSpace/bitsNovels/.worktrees/sprint-3/workspace/node_modules/@vitest/runner/dist/chunk-artifact.js:2313:10)"],"meta":{},"tags":[]},{"ancestorTitles":["Editor"],"fullName":"Editor should render editor when initialized","status":"failed","title":"should render editor when initialized","duration":4.277833000000101,"failureMessages":["TypeError: Cannot read properties of undefined (reading 'dom')\n    at PureEditorContent.init (file:///Users/bytedance/Desktop/CodeSpace/bitsNovels/.worktrees/sprint-3/workspace/node_modules/@tiptap/react/dist/index.js:88:61)\n    at PureEditorContent.componentDidMount (file:///Users/bytedance/Desktop/CodeSpace/bitsNovels/.worktrees/sprint-3/workspace/node_modules/@tiptap/react/dist/index.js:80:10)\n    at Object.react_stack_bottom_frame (/Users/bytedance/Desktop/CodeSpace/bitsNovels/.worktrees/sprint-3/workspace/node_modules/react-dom/cjs/react-dom-client.development.js:25927:22)\n    at runWithFiberInDEV (/Users/bytedance/Desktop/CodeSpace/bitsNovels/.worktrees/sprint-3/workspace/node_modules/react-dom/cjs/react-dom-client.development.js:874:13)\n    at commitLayoutEffectOnFiber (/Users/bytedance/Desktop/CodeSpace/bitsNovels/.worktrees/sprint-3/workspace/node_modules/react-dom/cjs/react-dom-client.development.js:13972:21)\n    at recursivelyTraverseLayoutEffects (/Users/bytedance/Desktop/CodeSpace/bitsNovels/.worktrees/sprint-3/workspace/node_modules/react-dom/cjs/react-dom-client.development.js:15159:11)\n    at commitLayoutEffectOnFiber (/Users/bytedance/Desktop/CodeSpace/bitsNovels/.worktrees/sprint-3/workspace/node_modules/react-dom/cjs/react-dom-client.development.js:13949:11)\n    at recursivelyTraverseLayoutEffects (/Users/bytedance/Desktop/CodeSpace/bitsNovels/.worktrees/sprint-3/workspace/node_modules/react-dom/cjs/react-dom-client.development.js:15159:11)\n    at commitLayoutEffectOnFiber (/Users/bytedance/Desktop/CodeSpace/bitsNovels/.worktrees/sprint-3/workspace/node_modules/react-dom/cjs/react-dom-client.development.js:14165:11)\n    at recursivelyTraverseLayoutEffects (/Users/bytedance/Desktop/CodeSpace/bitsNovels/.worktrees/sprint-3/workspace/node_modules/react-dom/cjs/react-dom-client.development.js:15159:11)","TypeError: Cannot read properties of undefined (reading 'setProps')\n    at PureEditorContent.componentWillUnmount (file:///Users/bytedance/Desktop/CodeSpace/bitsNovels/.worktrees/sprint-3/workspace/node_modules/@tiptap/react/dist/index.js:125:19)\n    at Object.react_stack_bottom_frame (/Users/bytedance/Desktop/CodeSpace/bitsNovels/.worktrees/sprint-3/workspace/node_modules/react-dom/cjs/react-dom-client.development.js:25975:22)\n    at runWithFiberInDEV (/Users/bytedance/Desktop/CodeSpace/bitsNovels/.worktrees/sprint-3/workspace/node_modules/react-dom/cjs/react-dom-client.development.js:874:13)\n    at safelyCallComponentWillUnmount (/Users/bytedance/Desktop/CodeSpace/bitsNovels/.worktrees/sprint-3/workspace/node_modules/react-dom/cjs/react-dom-client.development.js:13447:11)\n    at commitDeletionEffectsOnFiber (/Users/bytedance/Desktop/CodeSpace/bitsNovels/.worktrees/sprint-3/workspace/node_modules/react-dom/cjs/react-dom-client.development.js:14389:15)\n    at recursivelyTraverseDeletionEffects (/Users/bytedance/Desktop/CodeSpace/bitsNovels/.worktrees/sprint-3/workspace/node_modules/react-dom/cjs/react-dom-client.development.js:14223:9)\n    at commitDeletionEffectsOnFiber (/Users/bytedance/Desktop/CodeSpace/bitsNovels/.worktrees/sprint-3/workspace/node_modules/react-dom/cjs/react-dom-client.development.js:14378:11)\n    at recursivelyTraverseDeletionEffects (/Users/bytedance/Desktop/CodeSpace/bitsNovels/.worktrees/sprint-3/workspace/node_modules/react-dom/cjs/react-dom-client.development.js:14223:9)\n    at commitDeletionEffectsOnFiber (/Users/bytedance/Desktop/CodeSpace/bitsNovels/.worktrees/sprint-3/workspace/node_modules/react-dom/cjs/react-dom-client.development.js:14378:11)\n    at recursivelyTraverseDeletionEffects (/Users/bytedance/Desktop/CodeSpace/bitsNovels/.worktrees/sprint-3/workspace/node_modules/react-dom/cjs/react-dom-client.development.js:14223:9)"],"meta":{},"tags":[]},{"ancestorTitles":["Editor"],"fullName":"Editor should pass initialContent to useTipTapEditor","status":"failed","title":"should pass initialContent to useTipTapEditor","duration":0.9326670000000377,"failureMessages":["TypeError: Cannot read properties of undefined (reading 'dom')\n    at PureEditorContent.init (file:///Users/bytedance/Desktop/CodeSpace/bitsNovels/.worktrees/sprint-3/workspace/node_modules/@tiptap/react/dist/index.js:88:61)\n    at PureEditorContent.componentDidMount (file:///Users/bytedance/Desktop/CodeSpace/bitsNovels/.worktrees/sprint-3/workspace/node_modules/@tiptap/react/dist/index.js:80:10)\n    at Object.react_stack_bottom_frame (/Users/bytedance/Desktop/CodeSpace/bitsNovels/.worktrees/sprint-3/workspace/node_modules/react-dom/cjs/react-dom-client.development.js:25927:22)\n    at runWithFiberInDEV (/Users/bytedance/Desktop/CodeSpace/bitsNovels/.worktrees/sprint-3/workspace/node_modules/react-dom/cjs/react-dom-client.development.js:874:13)\n    at commitLayoutEffectOnFiber (/Users/bytedance/Desktop/CodeSpace/bitsNovels/.worktrees/sprint-3/workspace/node_modules/react-dom/cjs/react-dom-client.development.js:13972:21)\n    at recursivelyTraverseLayoutEffects (/Users/bytedance/Desktop/CodeSpace/bitsNovels/.worktrees/sprint-3/workspace/node_modules/react-dom/cjs/react-dom-client.development.js:15159:11)\n    at commitLayoutEffectOnFiber (/Users/bytedance/Desktop/CodeSpace/bitsNovels/.worktrees/sprint-3/workspace/node_modules/react-dom/cjs/react-dom-client.development.js:13949:11)\n    at recursivelyTraverseLayoutEffects (/Users/bytedance/Desktop/CodeSpace/bitsNovels/.worktrees/sprint-3/workspace/node_modules/react-dom/cjs/react-dom-client.development.js:15159:11)\n    at commitLayoutEffectOnFiber (/Users/bytedance/Desktop/CodeSpace/bitsNovels/.worktrees/sprint-3/workspace/node_modules/react-dom/cjs/react-dom-client.development.js:14165:11)\n    at recursivelyTraverseLayoutEffects (/Users/bytedance/Desktop/CodeSpace/bitsNovels/.worktrees/sprint-3/workspace/node_modules/react-dom/cjs/react-dom-client.development.js:15159:11)","TypeError: Cannot read properties of undefined (reading 'setProps')\n    at PureEditorContent.componentWillUnmount (file:///Users/bytedance/Desktop/CodeSpace/bitsNovels/.worktrees/sprint-3/workspace/node_modules/@tiptap/react/dist/index.js:125:19)\n    at Object.react_stack_bottom_frame (/Users/bytedance/Desktop/CodeSpace/bitsNovels/.worktrees/sprint-3/workspace/node_modules/react-dom/cjs/react-dom-client.development.js:25975:22)\n    at runWithFiberInDEV (/Users/bytedance/Desktop/CodeSpace/bitsNovels/.worktrees/sprint-3/workspace/node_modules/react-dom/cjs/react-dom-client.development.js:874:13)\n    at safelyCallComponentWillUnmount (/Users/bytedance/Desktop/CodeSpace/bitsNovels/.worktrees/sprint-3/workspace/node_modules/react-dom/cjs/react-dom-client.development.js:13447:11)\n    at commitDeletionEffectsOnFiber (/Users/bytedance/Desktop/CodeSpace/bitsNovels/.worktrees/sprint-3/workspace/node_modules/react-dom/cjs/react-dom-client.development.js:14389:15)\n    at recursivelyTraverseDeletionEffects (/Users/bytedance/Desktop/CodeSpace/bitsNovels/.worktrees/sprint-3/workspace/node_modules/react-dom/cjs/react-dom-client.development.js:14223:9)\n    at commitDeletionEffectsOnFiber (/Users/bytedance/Desktop/CodeSpace/bitsNovels/.worktrees/sprint-3/workspace/node_modules/react-dom/cjs/react-dom-client.development.js:14378:11)\n    at recursivelyTraverseDeletionEffects (/Users/bytedance/Desktop/CodeSpace/bitsNovels/.worktrees/sprint-3/workspace/node_modules/react-dom/cjs/react-dom-client.development.js:14223:9)\n    at commitDeletionEffectsOnFiber (/Users/bytedance/Desktop/CodeSpace/bitsNovels/.worktrees/sprint-3/workspace/node_modules/react-dom/cjs/react-dom-client.development.js:14378:11)\n    at recursivelyTraverseDeletionEffects (/Users/bytedance/Desktop/CodeSpace/bitsNovels/.worktrees/sprint-3/workspace/node_modules/react-dom/cjs/react-dom-client.development.js:14223:9)"],"meta":{},"tags":[]},{"ancestorTitles":["Editor"],"fullName":"Editor should pass editable prop to useTipTapEditor","status":"failed","title":"should pass editable prop to useTipTapEditor","duration":0.8209999999999127,"failureMessages":["TypeError: Cannot read properties of undefined (reading 'dom')\n    at PureEditorContent.init (file:///Users/bytedance/Desktop/CodeSpace/bitsNovels/.worktrees/sprint-3/workspace/node_modules/@tiptap/react/dist/index.js:88:61)\n    at PureEditorContent.componentDidMount (file:///Users/bytedance/Desktop/CodeSpace/bitsNovels/.worktrees/sprint-3/workspace/node_modules/@tiptap/react/dist/index.js:80:10)\n    at Object.react_stack_bottom_frame (/Users/bytedance/Desktop/CodeSpace/bitsNovels/.worktrees/sprint-3/workspace/node_modules/react-dom/cjs/react-dom-client.development.js:25927:22)\n    at runWithFiberInDEV (/Users/bytedance/Desktop/CodeSpace/bitsNovels/.worktrees/sprint-3/workspace/node_modules/react-dom/cjs/react-dom-client.development.js:874:13)\n    at commitLayoutEffectOnFiber (/Users/bytedance/Desktop/CodeSpace/bitsNovels/.worktrees/sprint-3/workspace/node_modules/react-dom/cjs/react-dom-client.development.js:13972:21)\n    at recursivelyTraverseLayoutEffects (/Users/bytedance/Desktop/CodeSpace/bitsNovels/.worktrees/sprint-3/workspace/node_modules/react-dom/cjs/react-dom-client.development.js:15159:11)\n    at commitLayoutEffectOnFiber (/Users/bytedance/Desktop/CodeSpace/bitsNovels/.worktrees/sprint-3/workspace/node_modules/react-dom/cjs/react-dom-client.development.js:13949:11)\n    at recursivelyTraverseLayoutEffects (/Users/bytedance/Desktop/CodeSpace/bitsNovels/.worktrees/sprint-3/workspace/node_modules/react-dom/cjs/react-dom-client.development.js:15159:11)\n    at commitLayoutEffectOnFiber (/Users/bytedance/Desktop/CodeSpace/bitsNovels/.worktrees/sprint-3/workspace/node_modules/react-dom/cjs/react-dom-client.development.js:14165:11)\n    at recursivelyTraverseLayoutEffects (/Users/bytedance/Desktop/CodeSpace/bitsNovels/.worktrees/sprint-3/workspace/node_modules/react-dom/cjs/react-dom-client.development.js:15159:11)","TypeError: Cannot read properties of undefined (reading 'setProps')\n    at PureEditorContent.componentWillUnmount (file:///Users/bytedance/Desktop/CodeSpace/bitsNovels/.worktrees/sprint-3/workspace/node_modules/@tiptap/react/dist/index.js:125:19)\n    at Object.react_stack_bottom_frame (/Users/bytedance/Desktop/CodeSpace/bitsNovels/.worktrees/sprint-3/workspace/node_modules/react-dom/cjs/react-dom-client.development.js:25975:22)\n    at runWithFiberInDEV (/Users/bytedance/Desktop/CodeSpace/bitsNovels/.worktrees/sprint-3/workspace/node_modules/react-dom/cjs/react-dom-client.development.js:874:13)\n    at safelyCallComponentWillUnmount (/Users/bytedance/Desktop/CodeSpace/bitsNovels/.worktrees/sprint-3/workspace/node_modules/react-dom/cjs/react-dom-client.development.js:13447:11)\n    at commitDeletionEffectsOnFiber (/Users/bytedance/Desktop/CodeSpace/bitsNovels/.worktrees/sprint-3/workspace/node_modules/react-dom/cjs/react-dom-client.development.js:14389:15)\n    at recursivelyTraverseDeletionEffects (/Users/bytedance/Desktop/CodeSpace/bitsNovels/.worktrees/sprint-3/workspace/node_modules/react-dom/cjs/react-dom-client.development.js:14223:9)\n    at commitDeletionEffectsOnFiber (/Users/bytedance/Desktop/CodeSpace/bitsNovels/.worktrees/sprint-3/workspace/node_modules/react-dom/cjs/react-dom-client.development.js:14378:11)\n    at recursivelyTraverseDeletionEffects (/Users/bytedance/Desktop/CodeSpace/bitsNovels/.worktrees/sprint-3/workspace/node_modules/react-dom/cjs/react-dom-client.development.js:14223:9)\n    at commitDeletionEffectsOnFiber (/Users/bytedance/Desktop/CodeSpace/bitsNovels/.worktrees/sprint-3/workspace/node_modules/react-dom/cjs/react-dom-client.development.js:14378:11)\n    at recursivelyTraverseDeletionEffects (/Users/bytedance/Desktop/CodeSpace/bitsNovels/.worktrees/sprint-3/workspace/node_modules/react-dom/cjs/react-dom-client.development.js:14223:9)"],"meta":{},"tags":[]},{"ancestorTitles":["Editor"],"fullName":"Editor should call onChange when content updates","status":"failed","title":"should call onChange when content updates","duration":0.8321670000000267,"failureMessages":["TypeError: Cannot read properties of undefined (reading 'dom')\n    at PureEditorContent.init (file:///Users/bytedance/Desktop/CodeSpace/bitsNovels/.worktrees/sprint-3/workspace/node_modules/@tiptap/react/dist/index.js:88:61)\n    at PureEditorContent.componentDidMount (file:///Users/bytedance/Desktop/CodeSpace/bitsNovels/.worktrees/sprint-3/workspace/node_modules/@tiptap/react/dist/index.js:80:10)\n    at Object.react_stack_bottom_frame (/Users/bytedance/Desktop/CodeSpace/bitsNovels/.worktrees/sprint-3/workspace/node_modules/react-dom/cjs/react-dom-client.development.js:25927:22)\n    at runWithFiberInDEV (/Users/bytedance/Desktop/CodeSpace/bitsNovels/.worktrees/sprint-3/workspace/node_modules/react-dom/cjs/react-dom-client.development.js:874:13)\n    at commitLayoutEffectOnFiber (/Users/bytedance/Desktop/CodeSpace/bitsNovels/.worktrees/sprint-3/workspace/node_modules/react-dom/cjs/react-dom-client.development.js:13972:21)\n    at recursivelyTraverseLayoutEffects (/Users/bytedance/Desktop/CodeSpace/bitsNovels/.worktrees/sprint-3/workspace/node_modules/react-dom/cjs/react-dom-client.development.js:15159:11)\n    at commitLayoutEffectOnFiber (/Users/bytedance/Desktop/CodeSpace/bitsNovels/.worktrees/sprint-3/workspace/node_modules/react-dom/cjs/react-dom-client.development.js:13949:11)\n    at recursivelyTraverseLayoutEffects (/Users/bytedance/Desktop/CodeSpace/bitsNovels/.worktrees/sprint-3/workspace/node_modules/react-dom/cjs/react-dom-client.development.js:15159:11)\n    at commitLayoutEffectOnFiber (/Users/bytedance/Desktop/CodeSpace/bitsNovels/.worktrees/sprint-3/workspace/node_modules/react-dom/cjs/react-dom-client.development.js:14165:11)\n    at recursivelyTraverseLayoutEffects (/Users/bytedance/Desktop/CodeSpace/bitsNovels/.worktrees/sprint-3/workspace/node_modules/react-dom/cjs/react-dom-client.development.js:15159:11)","TypeError: Cannot read properties of undefined (reading 'setProps')\n    at PureEditorContent.componentWillUnmount (file:///Users/bytedance/Desktop/CodeSpace/bitsNovels/.worktrees/sprint-3/workspace/node_modules/@tiptap/react/dist/index.js:125:19)\n    at Object.react_stack_bottom_frame (/Users/bytedance/Desktop/CodeSpace/bitsNovels/.worktrees/sprint-3/workspace/node_modules/react-dom/cjs/react-dom-client.development.js:25975:22)\n    at runWithFiberInDEV (/Users/bytedance/Desktop/CodeSpace/bitsNovels/.worktrees/sprint-3/workspace/node_modules/react-dom/cjs/react-dom-client.development.js:874:13)\n    at safelyCallComponentWillUnmount (/Users/bytedance/Desktop/CodeSpace/bitsNovels/.worktrees/sprint-3/workspace/node_modules/react-dom/cjs/react-dom-client.development.js:13447:11)\n    at commitDeletionEffectsOnFiber (/Users/bytedance/Desktop/CodeSpace/bitsNovels/.worktrees/sprint-3/workspace/node_modules/react-dom/cjs/react-dom-client.development.js:14389:15)\n    at recursivelyTraverseDeletionEffects (/Users/bytedance/Desktop/CodeSpace/bitsNovels/.worktrees/sprint-3/workspace/node_modules/react-dom/cjs/react-dom-client.development.js:14223:9)\n    at commitDeletionEffectsOnFiber (/Users/bytedance/Desktop/CodeSpace/bitsNovels/.worktrees/sprint-3/workspace/node_modules/react-dom/cjs/react-dom-client.development.js:14378:11)\n    at recursivelyTraverseDeletionEffects (/Users/bytedance/Desktop/CodeSpace/bitsNovels/.worktrees/sprint-3/workspace/node_modules/react-dom/cjs/react-dom-client.development.js:14223:9)\n    at commitDeletionEffectsOnFiber (/Users/bytedance/Desktop/CodeSpace/bitsNovels/.worktrees/sprint-3/workspace/node_modules/react-dom/cjs/react-dom-client.development.js:14378:11)\n    at recursivelyTraverseDeletionEffects (/Users/bytedance/Desktop/CodeSpace/bitsNovels/.worktrees/sprint-3/workspace/node_modules/react-dom/cjs/react-dom-client.development.js:14223:9)"],"meta":{},"tags":[]},{"ancestorTitles":["Editor"],"fullName":"Editor should use default initialContent when not provided","status":"failed","title":"should use default initialContent when not provided","duration":0.7340839999999389,"failureMessages":["TypeError: Cannot read properties of undefined (reading 'dom')\n    at PureEditorContent.init (file:///Users/bytedance/Desktop/CodeSpace/bitsNovels/.worktrees/sprint-3/workspace/node_modules/@tiptap/react/dist/index.js:88:61)\n    at PureEditorContent.componentDidMount (file:///Users/bytedance/Desktop/CodeSpace/bitsNovels/.worktrees/sprint-3/workspace/node_modules/@tiptap/react/dist/index.js:80:10)\n    at Object.react_stack_bottom_frame (/Users/bytedance/Desktop/CodeSpace/bitsNovels/.worktrees/sprint-3/workspace/node_modules/react-dom/cjs/react-dom-client.development.js:25927:22)\n    at runWithFiberInDEV (/Users/bytedance/Desktop/CodeSpace/bitsNovels/.worktrees/sprint-3/workspace/node_modules/react-dom/cjs/react-dom-client.development.js:874:13)\n    at commitLayoutEffectOnFiber (/Users/bytedance/Desktop/CodeSpace/bitsNovels/.worktrees/sprint-3/workspace/node_modules/react-dom/cjs/react-dom-client.development.js:13972:21)\n    at recursivelyTraverseLayoutEffects (/Users/bytedance/Desktop/CodeSpace/bitsNovels/.worktrees/sprint-3/workspace/node_modules/react-dom/cjs/react-dom-client.development.js:15159:11)\n    at commitLayoutEffectOnFiber (/Users/bytedance/Desktop/CodeSpace/bitsNovels/.worktrees/sprint-3/workspace/node_modules/react-dom/cjs/react-dom-client.development.js:13949:11)\n    at recursivelyTraverseLayoutEffects (/Users/bytedance/Desktop/CodeSpace/bitsNovels/.worktrees/sprint-3/workspace/node_mo
[...]
ll}},"83":{"start":{"line":185,"column":4},"end":{"line":185,"column":null}},"84":{"start":{"line":188,"column":2},"end":{"line":198,"column":null}},"85":{"start":{"line":189,"column":4},"end":{"line":189,"column":null}},"86":{"start":{"line":191,"column":4},"end":{"line":191,"column":null}},"87":{"start":{"line":193,"column":4},"end":{"line":195,"column":null}},"88":{"start":{"line":194,"column":6},"end":{"line":195,"column":null}},"89":{"start":{"line":195,"column":8},"end":{"line":195,"column":null}},"90":{"start":{"line":200,"column":2},"end":{"line":211,"column":null}},"91":{"start":{"line":210,"column":19},"end":{"line":210,"column":null}}},"fnMap":{"0":{"name":"useNotifications","decl":{"start":{"line":59,"column":16},"end":{"line":59,"column":33}},"loc":{"start":{"line":59,"column":79},"end":{"line":211,"column":null}},"line":59},"1":{"name":"(anonymous_1)","decl":{"start":{"line":68,"column":27},"end":{"line":68,"column":40}},"loc":{"start":{"line":68,"column":60},"end":{"line":76,"column":6}},"line":68},"2":{"name":"(anonymous_2)","decl":{"start":{"line":78,"column":41},"end":{"line":78,"column":48}},"loc":{"start":{"line":78,"column":84},"end":{"line":105,"column":6}},"line":78},"3":{"name":"(anonymous_3)","decl":{"start":{"line":93,"column":8},"end":{"line":93,"column":25}},"loc":{"start":{"line":93,"column":33},"end":{"line":93,"column":61}},"line":93},"4":{"name":"(anonymous_4)","decl":{"start":{"line":107,"column":39},"end":{"line":107,"column":51}},"loc":{"start":{"line":107,"column":51},"end":{"line":118,"column":7}},"line":107},"5":{"name":"(anonymous_5)","decl":{"start":{"line":120,"column":33},"end":{"line":120,"column":40}},"loc":{"start":{"line":120,"column":55},"end":{"line":138,"column":6}},"line":120},"6":{"name":"(anonymous_6)","decl":{"start":{"line":123,"column":4},"end":{"line":123,"column":21}},"loc":{"start":{"line":124,"column":6},"end":{"line":124,"column":61}},"line":124},"7":{"name":"(anonymous_7)","decl":{"start":{"line":124,"column":11},"end":{"line":124,"column":15}},"loc":{"start":{"line":124,"column":21},"end":{"line":124,"column":61}},"line":124},"8":{"name":"(anonymous_8)","decl":{"start":{"line":134,"column":6},"end":{"line":134,"column":21}},"loc":{"start":{"line":134,"column":29},"end":{"line":134,"column":50}},"line":134},"9":{"name":"(anonymous_9)","decl":{"start":{"line":140,"column":36},"end":{"line":140,"column":48}},"loc":{"start":{"line":140,"column":48},"end":{"line":156,"column":6}},"line":140},"10":{"name":"(anonymous_10)","decl":{"start":{"line":143,"column":4},"end":{"line":143,"column":21}},"loc":{"start":{"line":143,"column":29},"end":{"line":143,"column":66}},"line":143},"11":{"name":"(anonymous_11)","decl":{"start":{"line":143,"column":34},"end":{"line":143,"column":38}},"loc":{"start":{"line":143,"column":44},"end":{"line":143,"column":66}},"line":143},"12":{"name":"(anonymous_12)","decl":{"start":{"line":158,"column":41},"end":{"line":158,"column":48}},"loc":{"start":{"line":158,"column":63},"end":{"line":177,"column":6}},"line":158},"13":{"name":"(anonymous_13)","decl":{"start":{"line":160,"column":46},"end":{"line":160,"column":51}},"loc":{"start":{"line":160,"column":56},"end":{"line":160,"column":68}},"line":160},"14":{"name":"(anonymous_14)","decl":{"start":{"line":162,"column":4},"end":{"line":162,"column":21}},"loc":{"start":{"line":162,"column":29},"end":{"line":162,"column":58}},"line":162},"15":{"name":"(anonymous_15)","decl":{"start":{"line":162,"column":34},"end":{"line":162,"column":41}},"loc":{"start":{"line":162,"column":46},"end":{"line":162,"column":58}},"line":162},"16":{"name":"(anonymous_16)","decl":{"start":{"line":172,"column":8},"end":{"line":172,"column":23}},"loc":{"start":{"line":172,"column":31},"end":{"line":172,"column":52}},"line":172},"17":{"name":"(anonymous_17)","decl":{"start":{"line":179,"column":31},"end":{"line":179,"column":43}},"loc":{"start":{"line":179,"column":43},"end":{"line":182,"column":6}},"line":179},"18":{"name":"(anonymous_18)","decl":{"start":{"line":184,"column":2},"end":{"line":184,"column":18}},"loc":{"start":{"line":184,"column":18},"end":{"line":186,"column":6}},"line":184},"19":{"name":"(anonymous_19)","decl":{"start":{"line":188,"column":2},"end":{"line":188,"column":18}},"loc":{"start":{"line":188,"column":18},"end":{"line":198,"column":6}},"line":188},"20":{"name":"(anonymous_20)","decl":{"start":{"line":193,"column":4},"end":{"line":193,"column":17}},"loc":{"start":{"line":193,"column":17},"end":{"line":195,"column":null}},"line":193},"21":{"name":"(anonymous_21)","decl":{"start":{"line":210,"column":4},"end":{"line":210,"column":19}},"loc":{"start":{"line":210,"column":19},"end":{"line":210,"column":null}},"line":210}},"branchMap":{"0":{"loc":{"start":{"line":59,"column":33},"end":{"line":59,"column":79}},"type":"default-arg","locations":[{"start":{"line":59,"column":72},"end":{"line":59,"column":79}}],"line":59},"1":{"loc":{"start":{"line":70,"column":4},"end":{"line":71,"column":null}},"type":"if","locations":[{"start":{"line":70,"column":4},"end":{"line":71,"column":null}},{"start":{},"end":{}}],"line":70},"2":{"loc":{"start":{"line":78,"column":65},"end":{"line":78,"column":84}},"type":"default-arg","locations":[{"start":{"line":78,"column":74},"end":{"line":78,"column":84}}],"line":78},"3":{"loc":{"start":{"line":86,"column":6},"end":{"line":87,"column":null}},"type":"if","locations":[{"start":{"line":86,"column":6},"end":{"line":87,"column":null}},{"start":{},"end":{}}],"line":86},"4":{"loc":{"start":{"line":92,"column":6},"end":{"line":95,"column":null}},"type":"if","locations":[{"start":{"line":92,"column":6},"end":{"line":95,"column":null}},{"start":{"line":94,"column":13},"end":{"line":95,"column":null}}],"line":92},"5":{"loc":{"start":{"line":101,"column":15},"end":{"line":101,"column":68}},"type":"cond-expr","locations":[{"start":{"line":101,"column":38},"end":{"line":101,"column":52}},{"start":{"line":101,"column":52},"end":{"line":101,"column":68}}],"line":101},"6":{"loc":{"start":{"line":111,"column":6},"end":{"line":112,"column":null}},"type":"if","locations":[{"start":{"line":111,"column":6},"end":{"line":112,"column":null}},{"start":{},"end":{}}],"line":111},"7":{"loc":{"start":{"line":124,"column":21},"end":{"line":124,"column":61}},"type":"cond-expr","locations":[{"start":{"line":124,"column":35},"end":{"line":124,"column":58}},{"start":{"line":124,"column":58},"end":{"line":124,"column":61}}],"line":124},"8":{"loc":{"start":{"line":130,"column":6},"end":{"line":131,"column":null}},"type":"if","locations":[{"start":{"line":130,"column":6},"end":{"line":131,"column":null}},{"start":{},"end":{}}],"line":130},"9":{"loc":{"start":{"line":148,"column":6},"end":{"line":149,"column":null}},"type":"if","locations":[{"start":{"line":148,"column":6},"end":{"line":149,"column":null}},{"start":{},"end":{}}],"line":148},"10":{"loc":{"start":{"line":167,"column":6},"end":{"line":168,"column":null}},"type":"if","locations":[{"start":{"line":167,"column":6},"end":{"line":168,"column":null}},{"start":{},"end":{}}],"line":167},"11":{"loc":{"start":{"line":171,"column":6},"end":{"line":172,"column":null}},"type":"if","locations":[{"start":{"line":171,"column":6},"end":{"line":172,"column":null}},{"start":{},"end":{}}],"line":171},"12":{"loc":{"start":{"line":171,"column":10},"end":{"line":171,"column":60}},"type":"binary-expr","locations":[{"start":{"line":171,"column":10},"end":{"line":171,"column":33}},{"start":{"line":171,"column":33},"end":{"line":171,"column":60}}],"line":171},"13":{"loc":{"start":{"line":180,"column":4},"end":{"line":180,"column":null}},"type":"if","locations":[{"start":{"line":180,"column":4},"end":{"line":180,"column":null}},{"start":{},"end":{}}],"line":180},"14":{"loc":{"start":{"line":180,"column":8},"end":{"line":180,"column":29}},"type":"binary-expr","locations":[{"start":{"line":180,"column":8},"end":{"line":180,"column":20}},{"start":{"line":180,"column":20},"end":{"line":180,"column":29}}],"line":180},"15":{"loc":{"start":{"line":194,"column":6},"end":{"line":195,"column":null}},"type":"if","locations":[{"start":{"line":194,"column":6},"end":{"line":195,"column":null}},{"start":{},"end":{}}],"line":194}},"s":{"0":3,"1":3,"2":3,"3":21,"4":21,"5":21,"6":21,"7":21,"8":21,"9":21,"10":21,"11":10,"12":10,"13":1,"14":10,"15":10,"16":10,"17":21,"18":10,"19":10,"20":10,"21":10,"22":10,"23":9,"24":0,"25":8,"26":8,"27":0,"28":0,"29":8,"30":8,"31":8,"32":2,"33":10,"34":21,"35":9,"36":9,"37":9,"38":0,"39":2,"40":21,"41":1,"42":1,"43":1,"44":1,"45":1,"46":1,"47":1,"48":0,"49":1,"50":1,"51":0,"52":21,"53":1,"54":1,"55":1,"56":2,"57":1,"58":1,"59":1,"60":0,"61":1,"62":0,"63":21,"64":1,"65":1,"66":1,"67":1,"68":1,"69":1,"70":1,"71":1,"72":1,"73":0,"74":1,"75":0,"76":0,"77":0,"78":21,"79":0,"80":0,"81":0,"82":21,"83":9,"84":21,"85":9,"86":9,"87":9,"88":9,"89":9,"90":21,"91":1},"f":{"0":21,"1":10,"2":10,"3":0,"4":9,"5":1,"6":1,"7":1,"8":1,"9":1,"10":1,"11":2,"12":1,"13":1,"14":1,"15":1,"16":0,"17":0,"18":9,"19":9,"20":9,"21":1},"b":{"0":[21],"1":[1,9],"2":[10],"3":[0,9],"4":[0,8],"5":[2,0],"6":[0,9],"7":[1,0],"8":[0,1],"9":[0,1],"10":[0,1],"11":[0,1],"12":[1,1],"13":[0,0],"14":[0,0],"15":[9,0]},"meta":{"lastBranch":16,"lastFunction":22,"lastStatement":92,"seen":{"s:43:25:43:Infinity":0,"s:44:18:44:Infinity":1,"s:46:93:57:Infinity":2,"f:59:16:59:33":0,"b:59:72:59:79":0,"s:60:24:60:72":3,"s:61:18:61:46":4,"s:62:16:62:57":5,"s:63:22:63:51":6,"s:64:18:64:46":7,"s:65:15:65:37":8,"s:66:8:66:72":9,"s:68:8:76:16":10,"f:68:27:68:40":1,"s:69:19:69:40":11,"b:70:4:71:Infinity:undefined:undefined:undefined:undefined":1,"s:70:4:71:Infinity":12,"s:71:6:71:Infinity":13,"s:73:4:73:Infinity":14,"s:74:4:74:Infinity":15,"s:75:4:75:Infinity":16,"s:78:8:105:24":17,"f:78:41:78:48":2,"b:78:74:78:84":2,"s:79:4:103:Infinity":18,"s:80:6:80:Infinity":19,"s:81:6:81:Infinity":20,"s:83:26:83:51":21,"s:84:40:84:96":22,"b:86:6:87:Infinity:undefined:undefined:undefined:undefined":3,"s:86:6:87:Infinity":23,"s:87:8:87:Infinity":24,"s:90:23:90:Infinity":25,"b:92:6:95:Infinity:94:13:95:Infinity":4,"s:92:6:95:Infinity":26,"s:93:8:93:Infinity":27,"f:93:8:93:25":3,"s:93:33:93:61":28,"s:95:8:95:Infinity":29,"s:98:6:98:Infinity":30,"s:99:6:99:Infinity":31,"s:101:6:101:Infinity":32,"b:101:38:101:52:101:52:101:68":5,"s:103:6:103:Infinity":33,"s:107:8:118:8":34,"f:107:39:107:51":4,"s:108:4:116:Infinity":35,"s:109:40:109:94":36,"b:111:6:112:Infinity:undefined:undefined:undefined:undefined":6,"s:111:6:112:Infinity":37,"s:112:8:112:Infinity":38,"s:115:6:115:Infinity":39,"s:120:8:138:21":40,"f:120:33:120:40":5,"s:121:34:121:52":41,"s:123:4:125:Infinity":42,"f:123:4:123:21":6,"s:124:6:124:61":43,"f:124:11:124:15":7,"s:124:21:124:61":44,"b:124:35:124:58:124:58:124:61":7,"s:127:4:136:Infinity":45,"s:128:34:128:87":46,"b:130:6:131:Infinity:undefined:undefined:undefined:undefined":8,"s:130:6:131:Infinity":47,"s:131:8:131:Infinity":48,"s:134:6:134:Infinity":49,"f:134:6:134:21":8,"s:134:29:134:50":50,"s:136:6:136:Infinity":51,"s:140:8:156:21":52,"f:140:36:140:48":9,"s:141:34:141:52":53,"s:143:4:143:Infinity":54,"f:143:4:143:21":10,"s:143:29:143:66":55,"f:143:34:143:38":11,"s:143:44:143:66":56,"s:145:4:154:Infinity":57,"s:146:34:146:85":58,"b:148:6:149:Infinity:undefined:undefined:undefined:undefined":9,"s:148:6:149:Infinity":59,"s:149:8:149:Infinity":60,"s:152:6:152:Infinity":61,"s:154:6:154:Infinity":62,"s:158:8:177:21":63,"f:158:41:158:48":12,"s:159:34:159:52":64,"s:160:32:160:68":65,"f:160:46:160:51":13,"s:160:56:160:68":66,"s:162:4:162:Infinity":67,"f:162:4:162:21":14,"s:162:29:162:58":68,"f:162:34:162:41":15,"s:162:46:162:58":69,"s:164:4:175:Infinity":70,"s:165:34:165:84":71,"b:167:6:168:Infinity:undefined:undefined:undefined:undefined":10,"s:167:6:168:Infinity":72,"s:168:8:168:Infinity":73,"b:171:6:172:Infinity:undefined:undefined:undefined:undefined":11,"s:171:6:172:Infinity":74,"b:171:10:171:33:171:33:171:60":12,"s:172:8:172:Infinity":75,"f:172:8:172:23":16,"s:172:31:172:52":76,"s:175:6:175:Infinity":77,"s:179:8:182:50":78,"f:179:31:179:43":17,"b:180:4:180:Infinity:undefined:undefined:undefined:undefined":13,"s:180:4:180:Infinity":79,"b:180:8:180:20:180:20:180:29":14,"s:180:29:180:Infinity":80,"s:181:4:181:Infinity":81,"s:184:2:186:Infinity":82,"f:184:2:184:18":18,"s:185:4:185:Infinity":83,"s:188:2:198:Infinity":84,"f:188:2:188:18":19,"s:189:4:189:Infinity":85,"s:191:4:191:Infinity":86,"s:193:4:195:Infinity":87,"f:193:4:193:17":20,"b:194:6:195:Infinity:undefined:undefined:undefined:undefined":15,"s:194:6:195:Infinity":88,"s:195:8:195:Infinity":89,"s:200:2:211:Infinity":90,"f:210:4:210:19":21,"s:210:19:210:Infinity":91}}},"/Users/bytedance/Desktop/CodeSpace/bitsNovels/.worktrees/sprint-3/workspace/apps/web/src/features/epic-6/components/NotificationPanel.tsx":{"path":"/Users/bytedance/Desktop/CodeSpace/bitsNovels/.worktrees/sprint-3/workspace/apps/web/src/features/epic-6/components/NotificationPanel.tsx","statementMap":{"0":{"start":{"line":11,"column":75},"end":{"line":17,"column":null}},"1":{"start":{"line":31,"column":4},"end":{"line":32,"column":32}},"2":{"start":{"line":34,"column":20},"end":{"line":34,"column":52}},"3":{"start":{"line":34,"column":44},"end":{"line":34,"column":52}},"4":{"start":{"line":35,"column":18},"end":{"line":35,"column":49}},"5":{"start":{"line":35,"column":42},"end":{"line":35,"column":49}},"6":{"start":{"line":37,"column":8},"end":{"line":40,"column":null}},"7":{"start":{"line":38,"column":4},"end":{"line":40,"column":null}},"8":{"start":{"line":39,"column":19},"end":{"line":39,"column":26}},"9":{"start":{"line":40,"column":20},"end":{"line":40,"column":44}},"10":{"start":{"line":43,"column":27},"end":{"line":45,"column":null}},"11":{"start":{"line":47,"column":8},"end":{"line":146,"column":null}},"12":{"start":{"line":48,"column":4},"end":{"line":146,"column":null}},"13":{"start":{"line":85,"column":10},"end":{"line":100,"column":null}},"14":{"start":{"line":87,"column":27},"end":{"line":87,"column":51}},"15":{"start":{"line":120,"column":14},"end":{"line":125,"column":null}},"16":{"start":{"line":149,"column":2},"end":{"line":153,"column":null}},"17":{"start":{"line":150,"column":4},"end":{"line":153,"column":null}},"18":{"start":{"line":157,"column":2},"end":{"line":160,"column":null}}},"fnMap":{"0":{"name":"NotificationPanel","decl":{"start":{"line":19,"column":24},"end":{"line":19,"column":42}},"loc":{"start":{"line":23,"column":27},"end":{"line":160,"column":null}},"line":23},"1":{"name":"(anonymous_1)","decl":{"start":{"line":34,"column":34},"end":{"line":34,"column":39}},"loc":{"start":{"line":34,"column":44},"end":{"line":34,"column":52}},"line":34},"2":{"name":"(anonymous_2)","decl":{"start":{"line":35,"column":32},"end":{"line":35,"column":37}},"loc":{"start":{"line":35,"column":42},"end":{"line":35,"column":49}},"line":35},"3":{"name":"(anonymous_3)","decl":{"start":{"line":37,"column":8},"end":{"line":37,"column":32}},"loc":{"start":{"line":37,"column":32},"end":{"line":40,"column":null}},"line":37},"4":{"name":"(anonymous_4)","decl":{"start":{"line":39,"column":7},"end":{"line":39,"column":14}},"loc":{"start":{"line":39,"column":19},"end":{"line":39,"column":26}},"line":39},"5":{"name":"(anonymous_5)","decl":{"start":{"line":40,"column":7},"end":{"line":40,"column":15}},"loc":{"start":{"line":40,"column":20},"end":{"line":40,"column":44}},"line":40},"6":{"name":"(anonymous_6)","decl":{"start":{"line":47,"column":8},"end":{"line":47,"column":null}},"loc":{"start":{"line":48,"column":4},"end":{"line":146,"column":null}},"line":48},"7":{"name":"(anonymous_7)","decl":{"start":{"line":84,"column":23},"end":{"line":84,"column":27}},"loc":{"start":{"line":85,"column":10},"end":{"line":100,"column":null}},"line":85},"8":{"name":"(anonymous_8)","decl":{"start":{"line":87,"column":12},"end":{"line":87,"column":27}},"loc":{"start":{"line":87,"column":27},"end":{"line":87,"column":51}},"line":87},"9":{"name":"(anonymous_9)","decl":{"start":{"line":119,"column":27},"end":{"line":119,"column":31}},"loc":{"start":{"line":120,"column":14},"end":{"line":125,"column":null}},"line":120}},"branchMap":{"0":{"loc":{"start":{"line":22,"column":2},"end":{"line":22,"column":null}},"type":"default-arg","locations":[{"start":{"line":22,"column":12},"end":{"line":22,"column":null}}],"line":22},"1":{"loc":{"start":{"line":43,"column":27},"end":{"line":45,"column":null}},"type":"cond-expr","locations":[{"start":{"line":44,"column":6},"end":{"line":44,"column":null}},{"start":{"line":45,"column":6},"end":{"line":45,"column":null}}],"line":43},"2":{"loc":{"start":{"line":93,"column":16},"end":{"line":95,"column":null}},"type":"cond-expr","locations":[{"start":{"line":94,"column":18},"end":{"line":94,"column":null}},{"start":{"line":95,"column":18},"end":{"line":95,"column":null}}],"line":93},"3":{"loc":{"start":{"line":105,"column":9},"end":{"line":130,"column":null}},"type":"cond-expr","locations":[{"start":{"line":106,"column":10},"end":{"line":110,"column":26}},{"start":{"line":110,"column":12},"end":{"line":130,"column":null}}],"line":105},"4":{"loc":{"start":{"line":105,"column":9},"end":{"line":105,"column":null}},"type":"binary-expr","locations":[{"start":{"line":105,"column":9},"end":{"line":105,"column":20}},{"start":{"line":105,"column":20},"end":{"line":105,"column":null}}],"line":105},"5":{"loc":{"start":{"line":110,"column":12},"end":{"line":130,"column":null}},"type":"cond-expr","locations":[{"start":{"line":111,"column":10},"end":{"line":118,"column":11}},{"start":{"line":118,"column":10},"end":{"line":130,"column":null}}],"line":110},"6":{"loc":{"start":{"line":113,"column":13},"end":{"line":114,"column":null}},"type":"binary-expr","locations":[{"start":{"line":113,"column":13},"end":{"line":113,"column":null}},{"start":{"line":114,"column":14},"end":{"line":114,"column":null}}],"line":113},"7":{"loc":{"start":{"line":130,"column":9},"end":{"line":143,"column":null}},"type":"binary-expr","locations":[{"start":{"line":130,"column":9},"end":{"line":130,"column":null}},{"start":{"line":131,"column":10},"end":{"line":143,"column":null}}],"line":130},"8":{"loc":{"start":{"line":141,"column":15},"end":{"line":141,"column":null}},"type":"cond-expr","locations":[{"start":{"line":141,"column":25},"end":{"line":141,"column":36}},{"start":{"line":141,"column":36},"end":{"line":141,"column":null}}],"line":141},"9":{"loc":{"start":{"line":149,"column":2},"end":{"line":153,"column":null}},"type":"if","locations":[{"start":{"line":149,"column":2},"end":{"line":153,"column":null}},{"start":{},"end":{}}],"line":149}},"s":{"0":2,"1":23,"2":23,"3":6,"4":23,"5":6,"6":23,"7":1,"8":2,"9":1,"10":23,"11":23,"12":23,"13":115,"14":2,"15":7,"16":23,"17":22,"18":1},"f":{"0":23,"1":6,"2":6,"3":1,"4":2,"5":1,"6":23,"7":115,"8":2,"9":7},"b":{"0":[23],"1":[22,1],"2":[23,92],"3":[1,22],"4":[23,1],"5":[17,5],"6":[17,3],"7":[23,2],"8":[0,2],"9":[22,1]},"meta":{"lastBranch":10,"lastFunction":10,"lastStatement":19,"seen":{"s:11:75:17:Infinity":0,"f:19:24:19:42":0,"b:22:12:22:Infinity":0,"s:31:4:32:32":1,"s:34:20:34:52":2,"f:34:34:34:39":1,"s:34:44:34:52":3,"s:35:18:35:49":4,"f:35:32:35:37":2,"s:35:42:35:49":5,"s:37:8:40:Infinity":6,"f:37:8:37:32":3,"s:38:4:40:Infinity":7,"f:39:7:39:14":4,"s:39:19:39:26":8,"f:40:7:40:15":5,"s:40:20:40:44":9,"s:43:27:45:Infinity":10,"b:44:6:44:Infinity:45:6:45:Infinity":1,"s:47:8:146:Infinity":11,"f:47:8:47:Infinity":6,"s:48:4:146:Infinity":12,"f:84:23:84:27":7,"s:85:10:100:Infinity":13,"f:87:12:87:27":8,"s:87:27:87:51":14,"b:94:18:94:Infinity:95:18:95:Infinity":2,"b:106:10:110:26:110:12:130:Infinity":3,"b:105:9:105:20:105:20:105:Infinity":4,"b:111:10:118:11:118:10:130:Infinity":5,"b:113:13:113:Infinity:114:14:114:Infinity":6,"f:119:27:119:31":9,"s:120:14:125:Infinity":15,"b:130:9:130:Infinity:131:10:143:Infinity":7,"b:141:25:141:36:141:36:141:Infinity":8,"b:149:2:153:Infinity:undefined:undefined:undefined:undefined":9,"s:149:2:153:Infinity":16,"s:150:4:153:Infinity":17,"s:157:2:160:Infinity":18}}}}}